#
# There is insufficient memory for the Java Runtime Environment to continue.
# Native memory allocation (malloc) failed to allocate 2345392 bytes for Chunk::new
# Possible reasons:
#   The system is out of physical RAM or swap space
#   The process is running with CompressedOops enabled, and the Java Heap may be blocking the growth of the native heap
# Possible solutions:
#   Reduce memory load on the system
#   Increase physical memory or swap space
#   Check if swap backing store is full
#   Decrease Java heap size (-Xmx/-Xms)
#   Decrease number of Java threads
#   Decrease Java thread stack sizes (-Xss)
#   Set larger code cache with -XX:ReservedCodeCacheSize=
#   JVM is running with Unscaled Compressed Oops mode in which the Java heap is
#     placed in the first 4GB address space. The Java Heap base address is the
#     maximum limit for the native heap growth. Please use -XX:HeapBaseMinAddress
#     to set the Java Heap base and to place the Java Heap above 4GB virtual address.
# This output file may be truncated or incomplete.
#
#  Out of Memory Error (arena.cpp:189), pid=12976, tid=11184
#
# JRE version: OpenJDK Runtime Environment (17.0.6) (build 17.0.6+0-b2043.56-9586694)
# Java VM: OpenJDK 64-Bit Server VM (17.0.6+0-b2043.56-9586694, mixed mode, tiered, compressed oops, compressed class ptrs, g1 gc, windows-amd64)
# No core dump will be written. Minidumps are not enabled by default on client versions of Windows
#

---------------  S U M M A R Y ------------

Command Line: --add-opens=java.base/java.util=ALL-UNNAMED --add-opens=java.base/java.lang=ALL-UNNAMED --add-opens=java.base/java.lang.invoke=ALL-UNNAMED --add-opens=java.base/java.util=ALL-UNNAMED --add-opens=java.prefs/java.util.prefs=ALL-UNNAMED --add-opens=java.prefs/java.util.prefs=ALL-UNNAMED --add-opens=java.base/java.nio.charset=ALL-UNNAMED --add-opens=java.base/java.net=ALL-UNNAMED --add-opens=java.base/java.util.concurrent.atomic=ALL-UNNAMED -Xmx2048m -Dfile.encoding=UTF-8 -Duser.country=US -Duser.language=en -Duser.variant org.gradle.launcher.daemon.bootstrap.GradleDaemon 7.3.3

Host: Intel(R) Core(TM) i5-10300H CPU @ 2.50GHz, 8 cores, 7G,  Windows 10 , 64 bit Build 19041 (10.0.19041.3031)
Time: Mon Jul 10 03:57:49 2023 SE Asia Standard Time elapsed time: 1136.980624 seconds (0d 0h 18m 56s)

---------------  T H R E A D  ---------------

Current thread (0x0000027c302b0ce0):  JavaThread "C2 CompilerThread2" daemon [_thread_in_native, id=11184, stack(0x000000c399a00000,0x000000c399b00000)]


Current CompileTask:
C2:1136980 17844       4       java.lang.Class::privateGetPublicMethods (224 bytes)

Stack: [0x000000c399a00000,0x000000c399b00000]
Native frames: (J=compiled Java code, j=interpreted, Vv=VM code, C=native code)
V  [jvm.dll+0x683b4a]
V  [jvm.dll+0x842654]
V  [jvm.dll+0x843dfe]
V  [jvm.dll+0x844463]
V  [jvm.dll+0x249b75]
V  [jvm.dll+0xabcac]
V  [jvm.dll+0xac27c]
V  [jvm.dll+0x368857]
V  [jvm.dll+0x332f31]
V  [jvm.dll+0x3323da]
V  [jvm.dll+0x21c201]
V  [jvm.dll+0x21b621]
V  [jvm.dll+0x1a4fdd]
V  [jvm.dll+0x22b098]
V  [jvm.dll+0x229159]
V  [jvm.dll+0x7f809c]
V  [jvm.dll+0x7f25fa]
V  [jvm.dll+0x682985]
C  [ucrtbase.dll+0x21bb2]
C  [KERNEL32.DLL+0x17614]
C  [ntdll.dll+0x526f1]


---------------  P R O C E S S  ---------------

Threads class SMR info:
_java_thread_list=0x0000027c2fc601a0, length=150, elements={
0x0000027c0fa4a020, 0x0000027c2c40a5b0, 0x0000027c2c40b330, 0x0000027c2c451350,
0x0000027c2c452f80, 0x0000027c2c455850, 0x0000027c2c456110, 0x0000027c2c4709c0,
0x0000027c2c4747c0, 0x0000027c2c4770d0, 0x0000027c2c5d7a30, 0x0000027c2c5d8710,
0x0000027c2ef7a070, 0x0000027c2e80d1a0, 0x0000027c2d8f55b0, 0x0000027c2d346580,
0x0000027c2d348730, 0x0000027c2d346a50, 0x0000027c2d345710, 0x0000027c2d3473f0,
0x0000027c2fb5d220, 0x0000027c2fb623f0, 0x0000027c2fb5ea30, 0x0000027c2fb5e560,
0x0000027c2fb5d6f0, 0x0000027c2fb60710, 0x0000027c2fb63260, 0x0000027c2fee84a0,
0x0000027c2fee8970, 0x0000027c2fee9310, 0x0000027c2feea180, 0x0000027c319fc0b0,
0x0000027c37c733b0, 0x0000027c31b01060, 0x0000027c3805fd90, 0x0000027c30356210,
0x0000027c35f55390, 0x0000027c35f04510, 0x0000027c35f05d20, 0x0000027c2cd94c20,
0x0000027c3829fc70, 0x0000027c319ff0d0, 0x0000027c319f9a30, 0x0000027c2fbf97d0,
0x0000027c37c72a10, 0x0000027c30354ed0, 0x0000027c30351250, 0x0000027c303508b0,
0x0000027c30350d80, 0x0000027c30351720, 0x0000027c30351bf0, 0x0000027c303503e0,
0x0000027c37c771a0, 0x0000027c37c77b40, 0x0000027c3829f7a0, 0x0000027c2fbfa640,
0x0000027c2f020510, 0x0000027c3829ee00, 0x0000027c3829f2d0, 0x0000027c3829e460,
0x0000027c30354a00, 0x0000027c303536c0, 0x0000027c303531f0, 0x0000027c30355870,
0x0000027c303553a0, 0x0000027c31b03210, 0x0000027c31b04080, 0x0000027c31b023a0,
0x0000027c31b01ed0, 0x0000027c31b04a20, 0x0000027c31b02870, 0x0000027c31b036e0,
0x0000027c31b01a00, 0x0000027c31b02d40, 0x0000027c31b03bb0, 0x0000027c31b04550,
0x0000027c37c72ee0, 0x0000027c2e895020, 0x0000027c2e894680, 0x0000027c2e8924d0,
0x0000027c2e894b50, 0x0000027c2e8954f0, 0x0000027c2e893340, 0x0000027c2e8959c0,
0x0000027c2e8929a0, 0x0000027c2e8941b0, 0x0000027c2e892e70, 0x0000027c2e893810,
0x0000027c2e893ce0, 0x0000027c2f72c3d0, 0x0000027c2f72cd70, 0x0000027c2f72e0b0,
0x0000027c2f72ea50, 0x0000027c2f72e580, 0x0000027c2f72c8a0, 0x0000027c2f72d240,
0x0000027c2f72d710, 0x0000027c2f72ef20, 0x0000027c2f72f3f0, 0x0000027c2f72ba30,
0x0000027c2f72bf00, 0x0000027c2cd96430, 0x0000027c2cd95a90, 0x0000027c2cd950f0,
0x0000027c2cd955c0, 0x0000027c2cd95f60, 0x0000027c35f54050, 0x0000027c35f54520,
0x0000027c35f549f0, 0x0000027c35f54ec0, 0x0000027c35f53b80, 0x0000027c2de95530,
0x0000027c2de95ed0, 0x0000027c2de963a0, 0x0000027c2de95060, 0x0000027c2de95a00,
0x0000027c36510190, 0x0000027c3650fcc0, 0x0000027c3650d170, 0x0000027c3650f7f0,
0x0000027c3650f320, 0x0000027c3650db10, 0x0000027c3650e4b0, 0x0000027c302b0ce0,
0x0000027c3650ee50, 0x0000027c36510660, 0x0000027c3650d640, 0x0000027c30355d40,
0x0000027c30352d20, 0x0000027c30354060, 0x0000027c35ef8530, 0x0000027c35ef8ed0,
0x0000027c35ef9870, 0x0000027c35ef8a00, 0x0000027c35ef9d40, 0x0000027c3264d770,
0x0000027c3264c900, 0x0000027c3264a750, 0x0000027c3264cdd0, 0x0000027c3650cca0,
0x0000027c3650e980, 0x0000027c3650dfe0, 0x0000027c2df9dc20, 0x0000027c2df9e5c0,
0x0000027c2df9e0f0, 0x0000027c2df9d280, 0x0000027c2df9d750, 0x0000027c2df9ea90,
0x0000027c2df9ef60, 0x0000027c2e892000
}

Java Threads: ( => current thread )
  0x0000027c0fa4a020 JavaThread "main" [_thread_blocked, id=13040, stack(0x000000c392400000,0x000000c392500000)]
  0x0000027c2c40a5b0 JavaThread "Reference Handler" daemon [_thread_blocked, id=13072, stack(0x000000c392b00000,0x000000c392c00000)]
  0x0000027c2c40b330 JavaThread "Finalizer" daemon [_thread_blocked, id=13076, stack(0x000000c392c00000,0x000000c392d00000)]
  0x0000027c2c451350 JavaThread "Signal Dispatcher" daemon [_thread_blocked, id=13080, stack(0x000000c392d00000,0x000000c392e00000)]
  0x0000027c2c452f80 JavaThread "Attach Listener" daemon [_thread_blocked, id=13084, stack(0x000000c392e00000,0x000000c392f00000)]
  0x0000027c2c455850 JavaThread "Service Thread" daemon [_thread_blocked, id=13088, stack(0x000000c392f00000,0x000000c393000000)]
  0x0000027c2c456110 JavaThread "Monitor Deflation Thread" daemon [_thread_blocked, id=13092, stack(0x000000c393000000,0x000000c393100000)]
  0x0000027c2c4709c0 JavaThread "C2 CompilerThread0" daemon [_thread_in_native, id=13096, stack(0x000000c393100000,0x000000c393200000)]
  0x0000027c2c4747c0 JavaThread "C1 CompilerThread0" daemon [_thread_blocked, id=13100, stack(0x000000c393200000,0x000000c393300000)]
  0x0000027c2c4770d0 JavaThread "Sweeper thread" daemon [_thread_blocked, id=13104, stack(0x000000c393300000,0x000000c393400000)]
  0x0000027c2c5d7a30 JavaThread "Common-Cleaner" daemon [_thread_blocked, id=13108, stack(0x000000c393400000,0x000000c393500000)]
  0x0000027c2c5d8710 JavaThread "Notification Thread" daemon [_thread_blocked, id=13112, stack(0x000000c393500000,0x000000c393600000)]
  0x0000027c2ef7a070 JavaThread "Daemon health stats" [_thread_blocked, id=13148, stack(0x000000c393d00000,0x000000c393e00000)]
  0x0000027c2e80d1a0 JavaThread "Incoming local TCP Connector on port 54120" [_thread_in_native, id=13152, stack(0x000000c393e00000,0x000000c393f00000)]
  0x0000027c2d8f55b0 JavaThread "Daemon periodic checks" [_thread_blocked, id=13156, stack(0x000000c393f00000,0x000000c394000000)]
  0x0000027c2d346580 JavaThread "Cache worker for journal cache (C:\Users\ntdun\.gradle\caches\journal-1)" [_thread_blocked, id=13220, stack(0x000000c394700000,0x000000c394800000)]
  0x0000027c2d348730 JavaThread "File lock request listener" [_thread_in_native, id=13224, stack(0x000000c394800000,0x000000c394900000)]
  0x0000027c2d346a50 JavaThread "Cache worker for file hash cache (C:\Users\ntdun\.gradle\caches\7.3.3\fileHashes)" [_thread_blocked, id=13244, stack(0x000000c394d00000,0x000000c394e00000)]
  0x0000027c2d345710 JavaThread "File watcher server" daemon [_thread_in_native, id=13256, stack(0x000000c394f00000,0x000000c395000000)]
  0x0000027c2d3473f0 JavaThread "File watcher consumer" daemon [_thread_blocked, id=13260, stack(0x000000c395000000,0x000000c395100000)]
  0x0000027c2fb5d220 JavaThread "Cache worker for execution history cache (C:\Users\ntdun\.gradle\caches\7.3.3\executionHistory)" [_thread_blocked, id=13276, stack(0x000000c395400000,0x000000c395500000)]
  0x0000027c2fb623f0 JavaThread "jar transforms" [_thread_blocked, id=13280, stack(0x000000c395500000,0x000000c395600000)]
  0x0000027c2fb5ea30 JavaThread "jar transforms Thread 2" [_thread_blocked, id=13288, stack(0x000000c395600000,0x000000c395700000)]
  0x0000027c2fb5e560 JavaThread "Cache worker for file content cache (C:\Users\ntdun\.gradle\caches\7.3.3\fileContent)" [_thread_blocked, id=12308, stack(0x000000c395700000,0x000000c395800000)]
  0x0000027c2fb5d6f0 JavaThread "jar transforms Thread 3" [_thread_blocked, id=12332, stack(0x000000c395800000,0x000000c395900000)]
  0x0000027c2fb60710 JavaThread "jar transforms Thread 4" [_thread_blocked, id=12016, stack(0x000000c395900000,0x000000c395a00000)]
  0x0000027c2fb63260 JavaThread "jar transforms Thread 5" [_thread_blocked, id=12072, stack(0x000000c395b00000,0x000000c395c00000)]
  0x0000027c2fee84a0 JavaThread "jar transforms Thread 6" [_thread_blocked, id=12500, stack(0x000000c39ad00000,0x000000c39ae00000)]
  0x0000027c2fee8970 JavaThread "jar transforms Thread 7" [_thread_blocked, id=12832, stack(0x000000c39ae00000,0x000000c39af00000)]
  0x0000027c2fee9310 JavaThread "jar transforms Thread 8" [_thread_blocked, id=12476, stack(0x000000c39af00000,0x000000c39b000000)]
  0x0000027c2feea180 JavaThread "Memory manager" [_thread_blocked, id=2676, stack(0x000000c39b000000,0x000000c39b100000)]
  0x0000027c319fc0b0 JavaThread "pool-3-thread-1" [_thread_blocked, id=4512, stack(0x000000c39b200000,0x000000c39b300000)]
  0x0000027c37c733b0 JavaThread "pool-6-thread-1" [_thread_blocked, id=8132, stack(0x000000c39aa00000,0x000000c39ab00000)]
  0x0000027c31b01060 JavaThread "Cache worker for Java compile cache (C:\Users\ntdun\.gradle\caches\7.3.3\javaCompile)" [_thread_blocked, id=2880, stack(0x000000c39b900000,0x000000c39ba00000)]
  0x0000027c3805fd90 JavaThread "ForkJoinPool.commonPool-worker-6" daemon [_thread_blocked, id=288, stack(0x000000c39d000000,0x000000c39d100000)]
  0x0000027c30356210 JavaThread "ForkJoinPool.commonPool-worker-7" daemon [_thread_blocked, id=148, stack(0x000000c39d100000,0x000000c39d200000)]
  0x0000027c35f55390 JavaThread "pool-10-thread-1" [_thread_blocked, id=9744, stack(0x000000c39ac00000,0x000000c39ad00000)]
  0x0000027c35f04510 JavaThread "Daemon Thread 4" [_thread_blocked, id=2516, stack(0x000000c392100000,0x000000c392200000)]
  0x0000027c35f05d20 JavaThread "Daemon worker Thread 4" [_thread_blocked, id=5396, stack(0x000000c393700000,0x000000c393800000)]
  0x0000027c2cd94c20 JavaThread "pool-13-thread-1" [_thread_blocked, id=7856, stack(0x000000c39b100000,0x000000c39b200000)]
  0x0000027c3829fc70 JavaThread "ForkJoinPool.commonPool-worker-8" daemon [_thread_blocked, id=8200, stack(0x000000c39cd00000,0x000000c39ce00000)]
  0x0000027c319ff0d0 JavaThread "ForkJoinPool.commonPool-worker-9" daemon [_thread_blocked, id=2240, stack(0x000000c39ce00000,0x000000c39cf00000)]
  0x0000027c319f9a30 JavaThread "ForkJoinPool.commonPool-worker-10" daemon [_thread_blocked, id=2168, stack(0x000000c39cf00000,0x000000c39d000000)]
  0x0000027c2fbf97d0 JavaThread "ForkJoinPool.commonPool-worker-11" daemon [_thread_blocked, id=12720, stack(0x000000c39d200000,0x000000c39d300000)]
  0x0000027c37c72a10 JavaThread "ForkJoinPool.commonPool-worker-12" daemon [_thread_blocked, id=12604, stack(0x000000c39d300000,0x000000c39d400000)]
  0x0000027c30354ed0 JavaThread "pool-17-thread-1" [_thread_blocked, id=9696, stack(0x000000c39b400000,0x000000c39b500000)]
  0x0000027c30351250 JavaThread "Handler for socket connection from /127.0.0.1:54120 to /127.0.0.1:52375" [_thread_in_native, id=3252, stack(0x000000c392200000,0x000000c392300000)]
  0x0000027c303508b0 JavaThread "Cancel handler" [_thread_blocked, id=2164, stack(0x000000c392300000,0x000000c392400000)]
  0x0000027c30350d80 JavaThread "Asynchronous log dispatcher for DefaultDaemonConnection: socket connection from /127.0.0.1:54120 to /127.0.0.1:52375" [_thread_blocked, id=496, stack(0x000000c393800000,0x000000c393900000)]
  0x0000027c30351720 JavaThread "Stdin handler" [_thread_blocked, id=3684, stack(0x000000c394000000,0x000000c394100000)]
  0x0000027c30351bf0 JavaThread "Daemon client event forwarder" [_thread_blocked, id=5276, stack(0x000000c394100000,0x000000c394200000)]
  0x0000027c303503e0 JavaThread "Cache worker for file hash cache (D:\Mob403\MOB403_Lab2\MOB403_Lab2\.gradle\7.3.3\fileHashes)" [_thread_blocked, id=4728, stack(0x000000c394200000,0x000000c394300000)]
  0x0000027c37c771a0 JavaThread "Cache worker for checksums cache (D:\Mob403\MOB403_Lab2\MOB403_Lab2\.gradle\7.3.3\checksums)" [_thread_blocked, id=12496, stack(0x000000c394300000,0x000000c394400000)]
  0x0000027c37c77b40 JavaThread "Cache worker for cache directory md-supplier (C:\Users\ntdun\.gradle\caches\7.3.3\md-supplier)" [_thread_blocked, id=10132, stack(0x000000c394400000,0x000000c394500000)]
  0x0000027c3829f7a0 JavaThread "Cache worker for cache directory md-rule (C:\Users\ntdun\.gradle\caches\7.3.3\md-rule)" [_thread_blocked, id=12328, stack(0x000000c394500000,0x000000c394600000)]
  0x0000027c2fbfa640 JavaThread "Cache worker for dependencies-accessors (D:\Mob403\MOB403_Lab2\MOB403_Lab2\.gradle\7.3.3\dependencies-accessors)" [_thread_blocked, id=4428, stack(0x000000c394600000,0x000000c394700000)]
  0x0000027c2f020510 JavaThread "C2 CompilerThread1" daemon [_thread_in_native, id=12624, stack(0x000000c394e00000,0x000000c394f00000)]
  0x0000027c3829ee00 JavaThread "Cache worker for Build Output Cleanup Cache (D:\Mob403\MOB403_Lab2\MOB403_Lab2\.gradle\buildOutputCleanup)" [_thread_blocked, id=6788, stack(0x000000c395100000,0x000000c395200000)]
  0x0000027c3829f2d0 JavaThread "Unconstrained build operations" [_thread_blocked, id=8652, stack(0x000000c395200000,0x000000c395300000)]
  0x0000027c3829e460 JavaThread "Unconstrained build operations Thread 2" [_thread_blocked, id=3376, stack(0x000000c395300000,0x000000c395400000)]
  0x0000027c30354a00 JavaThread "Unconstrained build operations Thread 3" [_thread_blocked, id=5304, stack(0x000000c395a00000,0x000000c395b00000)]
  0x0000027c303536c0 JavaThread "Unconstrained build operations Thread 4" [_thread_blocked, id=236, stack(0x000000c395c00000,0x000000c395d00000)]
  0x0000027c303531f0 JavaThread "Unconstrained build operations Thread 5" [_thread_blocked, id=8256, stack(0x000000c395d00000,0x000000c395e00000)]
  0x0000027c30355870 JavaThread "Unconstrained build operations Thread 6" [_thread_blocked, id=11232, stack(0x000000c395e00000,0x000000c395f00000)]
  0x0000027c303553a0 JavaThread "Unconstrained build operations Thread 7" [_thread_blocked, id=6192, stack(0x000000c395f00000,0x000000c396000000)]
  0x0000027c31b03210 JavaThread "Unconstrained build operations Thread 8" [_thread_blocked, id=12312, stack(0x000000c396000000,0x000000c396100000)]
  0x0000027c31b04080 JavaThread "Unconstrained build operations Thread 9" [_thread_blocked, id=13184, stack(0x000000c396100000,0x000000c396200000)]
  0x0000027c31b023a0 JavaThread "Unconstrained build operations Thread 10" [_thread_blocked, id=11156, stack(0x000000c396200000,0x000000c396300000)]
  0x0000027c31b01ed0 JavaThread "Unconstrained build operations Thread 11" [_thread_blocked, id=4668, stack(0x000000c396300000,0x000000c396400000)]
  0x0000027c31b04a20 JavaThread "Unconstrained build operations Thread 12" [_thread_blocked, id=10888, stack(0x000000c396400000,0x000000c396500000)]
  0x0000027c31b02870 JavaThread "Unconstrained build operations Thread 13" [_thread_blocked, id=11528, stack(0x000000c396500000,0x000000c396600000)]
  0x0000027c31b036e0 JavaThread "Unconstrained build operations Thread 14" [_thread_blocked, id=9432, stack(0x000000c396600000,0x000000c396700000)]
  0x0000027c31b01a00 JavaThread "Unconstrained build operations Thread 15" [_thread_blocked, id=5640, stack(0x000000c396700000,0x000000c396800000)]
  0x0000027c31b02d40 JavaThread "Unconstrained build operations Thread 16" [_thread_blocked, id=9256, stack(0x000000c396800000,0x000000c396900000)]
  0x0000027c31b03bb0 JavaThread "Unconstrained build operations Thread 17" [_thread_blocked, id=9316, stack(0x000000c396900000,0x000000c396a00000)]
  0x0000027c31b04550 JavaThread "Unconstrained build operations Thread 18" [_thread_blocked, id=7816, stack(0x000000c396a00000,0x000000c396b00000)]
  0x0000027c37c72ee0 JavaThread "Unconstrained build operations Thread 19" [_thread_blocked, id=10768, stack(0x000000c396b00000,0x000000c396c00000)]
  0x0000027c2e895020 JavaThread "Unconstrained build operations Thread 20" [_thread_blocked, id=7228, stack(0x000000c396c00000,0x000000c396d00000)]
  0x0000027c2e894680 JavaThread "Unconstrained build operations Thread 21" [_thread_blocked, id=5904, stack(0x000000c396d00000,0x000000c396e00000)]
  0x0000027c2e8924d0 JavaThread "Unconstrained build operations Thread 22" [_thread_blocked, id=7596, stack(0x000000c396e00000,0x000000c396f00000)]
  0x0000027c2e894b50 JavaThread "Unconstrained build operations Thread 23" [_thread_blocked, id=8600, stack(0x000000c396f00000,0x000000c397000000)]
  0x0000027c2e8954f0 JavaThread "Unconstrained build operations Thread 24" [_thread_blocked, id=8548, stack(0x000000c397000000,0x000000c397100000)]
  0x0000027c2e893340 JavaThread "Unconstrained build operations Thread 25" [_thread_blocked, id=3648, stack(0x000000c397100000,0x000000c397200000)]
  0x0000027c2e8959c0 JavaThread "Unconstrained build operations Thread 26" [_thread_blocked, id=5420, stack(0x000000c397200000,0x000000c397300000)]
  0x0000027c2e8929a0 JavaThread "Unconstrained build operations Thread 27" [_thread_blocked, id=4652, stack(0x000000c397300000,0x000000c397400000)]
  0x0000027c2e8941b0 JavaThread "Unconstrained build operations Thread 28" [_thread_blocked, id=1072, stack(0x000000c397400000,0x000000c397500000)]
  0x0000027c2e892e70 JavaThread "Unconstrained build operations Thread 29" [_thread_blocked, id=8580, stack(0x000000c397500000,0x000000c397600000)]
  0x0000027c2e893810 JavaThread "Unconstrained build operations Thread 30" [_thread_blocked, id=4616, stack(0x000000c397600000,0x000000c397700000)]
  0x0000027c2e893ce0 JavaThread "Unconstrained build operations Thread 31" [_thread_blocked, id=9972, stack(0x000000c397700000,0x000000c397800000)]
  0x0000027c2f72c3d0 JavaThread "Unconstrained build operations Thread 32" [_thread_blocked, id=804, stack(0x000000c397800000,0x000000c397900000)]
  0x0000027c2f72cd70 JavaThread "Unconstrained build operations Thread 33" [_thread_blocked, id=9128, stack(0x000000c397900000,0x000000c397a00000)]
  0x0000027c2f72e0b0 JavaThread "Unconstrained build operations Thread 34" [_thread_blocked, id=8240, stack(0x000000c397a00000,0x000000c397b00000)]
  0x0000027c2f72ea50 JavaThread "Unconstrained build operations Thread 35" [_thread_blocked, id=6444, stack(0x000000c397b00000,0x000000c397c00000)]
  0x0000027c2f72e580 JavaThread "Unconstrained build operations Thread 36" [_thread_blocked, id=5992, stack(0x000000c397c00000,0x000000c397d00000)]
  0x0000027c2f72c8a0 JavaThread "Unconstrained build operations Thread 37" [_thread_blocked, id=704, stack(0x000000c397d00000,0x000000c397e00000)]
  0x0000027c2f72d240 JavaThread "Unconstrained build operations Thread 38" [_thread_blocked, id=9308, stack(0x000000c397e00000,0x000000c397f00000)]
  0x0000027c2f72d710 JavaThread "Unconstrained build operations Thread 39" [_thread_blocked, id=9228, stack(0x000000c397f00000,0x000000c398000000)]
  0x0000027c2f72ef20 JavaThread "Unconstrained build operations Thread 40" [_thread_blocked, id=9264, stack(0x000000c398000000,0x000000c398100000)]
  0x0000027c2f72f3f0 JavaThread "Unconstrained build operations Thread 41" [_thread_blocked, id=6976, stack(0x000000c398100000,0x000000c398200000)]
  0x0000027c2f72ba30 JavaThread "Unconstrained build operations Thread 42" [_thread_blocked, id=9300, stack(0x000000c398200000,0x000000c398300000)]
  0x0000027c2f72bf00 JavaThread "Unconstrained build operations Thread 43" [_thread_blocked, id=9272, stack(0x000000c398300000,0x000000c398400000)]
  0x0000027c2cd96430 JavaThread "Unconstrained build operations Thread 44" [_thread_blocked, id=9252, stack(0x000000c398400000,0x000000c398500000)]
  0x0000027c2cd95a90 JavaThread "Unconstrained build operations Thread 45" [_thread_blocked, id=6860, stack(0x000000c398500000,0x000000c398600000)]
  0x0000027c2cd950f0 JavaThread "Unconstrained build operations Thread 46" [_thread_blocked, id=9220, stack(0x000000c398600000,0x000000c398700000)]
  0x0000027c2cd955c0 JavaThread "Unconstrained build operations Thread 47" [_thread_blocked, id=9324, stack(0x000000c398700000,0x000000c398800000)]
  0x0000027c2cd95f60 JavaThread "Unconstrained build operations Thread 48" [_thread_blocked, id=7232, stack(0x000000c398800000,0x000000c398900000)]
  0x0000027c35f54050 JavaThread "Unconstrained build operations Thread 49" [_thread_blocked, id=9296, stack(0x000000c398900000,0x000000c398a00000)]
  0x0000027c35f54520 JavaThread "Unconstrained build operations Thread 50" [_thread_blocked, id=3436, stack(0x000000c398a00000,0x000000c398b00000)]
  0x0000027c35f549f0 JavaThread "Unconstrained build operations Thread 51" [_thread_blocked, id=5308, stack(0x000000c398b00000,0x000000c398c00000)]
  0x0000027c35f54ec0 JavaThread "Unconstrained build operations Thread 52" [_thread_blocked, id=7400, stack(0x000000c398c00000,0x000000c398d00000)]
  0x0000027c35f53b80 JavaThread "Unconstrained build operations Thread 53" [_thread_blocked, id=9144, stack(0x000000c398d00000,0x000000c398e00000)]
  0x0000027c2de95530 JavaThread "Unconstrained build operations Thread 54" [_thread_blocked, id=12096, stack(0x000000c398e00000,0x000000c398f00000)]
  0x0000027c2de95ed0 JavaThread "Unconstrained build operations Thread 55" [_thread_blocked, id=1600, stack(0x000000c398f00000,0x000000c399000000)]
  0x0000027c2de963a0 JavaThread "Unconstrained build operations Thread 56" [_thread_blocked, id=9224, stack(0x000000c399000000,0x000000c399100000)]
  0x0000027c2de95060 JavaThread "Unconstrained build operations Thread 57" [_thread_blocked, id=11224, stack(0x000000c399100000,0x000000c399200000)]
  0x0000027c2de95a00 JavaThread "Unconstrained build operations Thread 58" [_thread_blocked, id=12420, stack(0x000000c399200000,0x000000c399300000)]
  0x0000027c36510190 JavaThread "Unconstrained build operations Thread 59" [_thread_blocked, id=9320, stack(0x000000c399300000,0x000000c399400000)]
  0x0000027c3650fcc0 JavaThread "Unconstrained build operations Thread 60" [_thread_blocked, id=9248, stack(0x000000c399400000,0x000000c399500000)]
  0x0000027c3650d170 JavaThread "Unconstrained build operations Thread 61" [_thread_blocked, id=8188, stack(0x000000c399500000,0x000000c399600000)]
  0x0000027c3650f7f0 JavaThread "Unconstrained build operations Thread 62" [_thread_blocked, id=9240, stack(0x000000c399600000,0x000000c399700000)]
  0x0000027c3650f320 JavaThread "Unconstrained build operations Thread 63" [_thread_blocked, id=2628, stack(0x000000c399700000,0x000000c399800000)]
  0x0000027c3650db10 JavaThread "Unconstrained build operations Thread 64" [_thread_blocked, id=2548, stack(0x000000c399800000,0x000000c399900000)]
  0x0000027c3650e4b0 JavaThread "Unconstrained build operations Thread 65" [_thread_blocked, id=11480, stack(0x000000c399900000,0x000000c399a00000)]
=>0x0000027c302b0ce0 JavaThread "C2 CompilerThread2" daemon [_thread_in_native, id=11184, stack(0x000000c399a00000,0x000000c399b00000)]
  0x0000027c3650ee50 JavaThread "Unconstrained build operations Thread 66" [_thread_blocked, id=2928, stack(0x000000c399b00000,0x000000c399c00000)]
  0x0000027c36510660 JavaThread "Unconstrained build operations Thread 67" [_thread_blocked, id=8104, stack(0x000000c399c00000,0x000000c399d00000)]
  0x0000027c3650d640 JavaThread "Unconstrained build operations Thread 68" [_thread_blocked, id=6752, stack(0x000000c399d00000,0x000000c399e00000)]
  0x0000027c30355d40 JavaThread "Unconstrained build operations Thread 69" [_thread_blocked, id=1376, stack(0x000000c399e00000,0x000000c399f00000)]
  0x0000027c30352d20 JavaThread "Unconstrained build operations Thread 70" [_thread_blocked, id=9232, stack(0x000000c399f00000,0x000000c39a000000)]
  0x0000027c30354060 JavaThread "Unconstrained build operations Thread 71" [_thread_blocked, id=9268, stack(0x000000c39a000000,0x000000c39a100000)]
  0x0000027c35ef8530 JavaThread "Unconstrained build operations Thread 72" [_thread_blocked, id=10536, stack(0x000000c39a100000,0x000000c39a200000)]
  0x0000027c35ef8ed0 JavaThread "Unconstrained build operations Thread 73" [_thread_blocked, id=2812, stack(0x000000c39a200000,0x000000c39a300000)]
  0x0000027c35ef9870 JavaThread "Unconstrained build operations Thread 74" [_thread_blocked, id=5448, stack(0x000000c39a300000,0x000000c39a400000)]
  0x0000027c35ef8a00 JavaThread "Unconstrained build operations Thread 75" [_thread_blocked, id=9364, stack(0x000000c39a400000,0x000000c39a500000)]
  0x0000027c35ef9d40 JavaThread "Unconstrained build operations Thread 76" [_thread_blocked, id=4360, stack(0x000000c39a500000,0x000000c39a600000)]
  0x0000027c3264d770 JavaThread "Unconstrained build operations Thread 77" [_thread_blocked, id=10000, stack(0x000000c39a600000,0x000000c39a700000)]
  0x0000027c3264c900 JavaThread "Unconstrained build operations Thread 78" [_thread_blocked, id=4416, stack(0x000000c39a700000,0x000000c39a800000)]
  0x0000027c3264a750 JavaThread "Unconstrained build operations Thread 79" [_thread_blocked, id=11372, stack(0x000000c39a800000,0x000000c39a900000)]
  0x0000027c3264cdd0 JavaThread "Unconstrained build operations Thread 80" [_thread_blocked, id=8996, stack(0x000000c39a900000,0x000000c39aa00000)]
  0x0000027c3650cca0 JavaThread "build event listener" [_thread_blocked, id=488, stack(0x000000c39b300000,0x000000c39b400000)]
  0x0000027c3650e980 JavaThread "pool-20-thread-1" [_thread_blocked, id=10148, stack(0x000000c39b500000,0x000000c39b600000)]
  0x0000027c3650dfe0 JavaThread "build event listener" [_thread_blocked, id=9244, stack(0x000000c39b600000,0x000000c39b700000)]
  0x0000027c2df9dc20 JavaThread "Execution worker for ':'" [_thread_blocked, id=2624, stack(0x000000c39b700000,0x000000c39b800000)]
  0x0000027c2df9e5c0 JavaThread "Execution worker for ':' Thread 2" [_thread_blocked, id=2900, stack(0x000000c39b800000,0x000000c39b900000)]
  0x0000027c2df9e0f0 JavaThread "Execution worker for ':' Thread 3" [_thread_blocked, id=11676, stack(0x000000c39ba00000,0x000000c39bb00000)]
  0x0000027c2df9d280 JavaThread "Execution worker for ':' Thread 4" [_thread_in_vm, id=4484, stack(0x000000c39bb00000,0x000000c39bc00000)] _threads_hazard_ptr=0x0000027c2fc601a0
  0x0000027c2df9d750 JavaThread "Execution worker for ':' Thread 5" [_thread_blocked, id=1420, stack(0x000000c39bc00000,0x000000c39bd00000)]
  0x0000027c2df9ea90 JavaThread "Execution worker for ':' Thread 6" [_thread_blocked, id=4380, stack(0x000000c39bd00000,0x000000c39be00000)]
  0x0000027c2df9ef60 JavaThread "Execution worker for ':' Thread 7" [_thread_blocked, id=7904, stack(0x000000c39be00000,0x000000c39bf00000)]
  0x0000027c2e892000 JavaThread "Cache worker for execution history cache (D:\Mob403\MOB403_Lab2\MOB403_Lab2\.gradle\7.3.3\executionHistory)" [_thread_blocked, id=12436, stack(0x000000c39bf00000,0x000000c39c000000)]

Other Threads:
  0x0000027c2b883860 VMThread "VM Thread" [stack: 0x000000c392a00000,0x000000c392b00000] [id=13068]
  0x0000027c0fac1fa0 WatcherThread [stack: 0x000000c393600000,0x000000c393700000] [id=13116]
  0x0000027c0faa7100 GCTaskThread "GC Thread#0" [stack: 0x000000c392500000,0x000000c392600000] [id=13044]
  0x0000027c2caa4c00 GCTaskThread "GC Thread#1" [stack: 0x000000c393900000,0x000000c393a00000] [id=13132]
  0x0000027c2cc35880 GCTaskThread "GC Thread#2" [stack: 0x000000c393a00000,0x000000c393b00000] [id=13136]
  0x0000027c2d0b4350 GCTaskThread "GC Thread#3" [stack: 0x000000c393b00000,0x000000c393c00000] [id=13140]
  0x0000027c2dcb3f40 GCTaskThread "GC Thread#4" [stack: 0x000000c393c00000,0x000000c393d00000] [id=13144]
  0x0000027c2de34870 GCTaskThread "GC Thread#5" [stack: 0x000000c394900000,0x000000c394a00000] [id=13228]
  0x0000027c2f61cbb0 GCTaskThread "GC Thread#6" [stack: 0x000000c394a00000,0x000000c394b00000] [id=13232]
  0x0000027c2ece3e00 GCTaskThread "GC Thread#7" [stack: 0x000000c394b00000,0x000000c394c00000] [id=13236]
  0x0000027c0fab7f50 ConcurrentGCThread "G1 Main Marker" [stack: 0x000000c392600000,0x000000c392700000] [id=13048]
  0x0000027c0fab8870 ConcurrentGCThread "G1 Conc#0" [stack: 0x000000c392700000,0x000000c392800000] [id=13052]
  0x0000027c2eb6ac10 ConcurrentGCThread "G1 Conc#1" [stack: 0x000000c394c00000,0x000000c394d00000] [id=13240]
  0x0000027c0fb1d750 ConcurrentGCThread "G1 Refine#0" [stack: 0x000000c392800000,0x000000c392900000] [id=13056]
  0x0000027c387fb5d0 ConcurrentGCThread "G1 Refine#1" [stack: 0x000000c39ab00000,0x000000c39ac00000] [id=3604]
  0x0000027c0fb1e080 ConcurrentGCThread "G1 Service" [stack: 0x000000c392900000,0x000000c392a00000] [id=13060]

Threads with active compile tasks:
C2 CompilerThread0  1137032 18008       4       org.gradle.api.internal.artifacts.ivyservice.resolveengine.graph.builder.SelectorState::update (95 bytes)
C2 CompilerThread1  1137032 18005       4       org.gradle.cache.internal.DefaultCacheFactory$ReferenceTrackingCache::useCache (14 bytes)
C2 CompilerThread2  1137032 17844       4       java.lang.Class::privateGetPublicMethods (224 bytes)

VM state: not at safepoint (normal execution)

VM Mutex/Monitor currently owned by a thread: None

Heap address: 0x0000000080000000, size: 2048 MB, Compressed Oops mode: 32-bit

CDS archive(s) not mapped
Compressed class space mapped at: 0x0000000100000000-0x0000000140000000, reserved size: 1073741824
Narrow klass base: 0x0000000000000000, Narrow klass shift: 3, Narrow klass range: 0x140000000

GC Precious Log:
 CPUs: 8 total, 8 available
 Memory: 8023M
 Large Page Support: Disabled
 NUMA Support: Disabled
 Compressed Oops: Enabled (32-bit)
 Heap Region Size: 1M
 Heap Min Capacity: 8M
 Heap Initial Capacity: 126M
 Heap Max Capacity: 2G
 Pre-touch: Disabled
 Parallel Workers: 8
 Concurrent Workers: 2
 Concurrent Refinement Workers: 8
 Periodic GC: Disabled

Heap:
 garbage-first heap   total 242688K, used 130911K [0x0000000080000000, 0x0000000100000000)
  region size 1024K, 13 young (13312K), 10 survivors (10240K)
 Metaspace       used 120739K, committed 121600K, reserved 1155072K
  class space    used 16112K, committed 16512K, reserved 1048576K

Heap Regions: E=young(eden), S=young(survivor), O=old, HS=humongous(starts), HC=humongous(continues), CS=collection set, F=free, OA=open archive, CA=closed archive, TAMS=top-at-mark-start (previous, next)
|   0|0x0000000080000000, 0x0000000080100000, 0x0000000080100000|100%| O|  |TAMS 0x0000000080100000, 0x0000000080000000| Untracked 
|   1|0x0000000080100000, 0x0000000080200000, 0x0000000080200000|100%| O|  |TAMS 0x0000000080200000, 0x0000000080100000| Untracked 
|   2|0x0000000080200000, 0x0000000080300000, 0x0000000080300000|100%| O|  |TAMS 0x0000000080300000, 0x0000000080200000| Untracked 
|   3|0x0000000080300000, 0x0000000080400000, 0x0000000080400000|100%|HS|  |TAMS 0x0000000080400000, 0x0000000080300000| Complete 
|   4|0x0000000080400000, 0x0000000080500000, 0x0000000080500000|100%|HC|  |TAMS 0x0000000080500000, 0x0000000080400000| Complete 
|   5|0x0000000080500000, 0x0000000080600000, 0x0000000080600000|100%|HC|  |TAMS 0x0000000080600000, 0x0000000080500000| Complete 
|   6|0x0000000080600000, 0x0000000080700000, 0x0000000080700000|100%| O|  |TAMS 0x0000000080700000, 0x0000000080600000| Untracked 
|   7|0x0000000080700000, 0x0000000080800000, 0x0000000080800000|100%| O|  |TAMS 0x0000000080800000, 0x0000000080700000| Untracked 
|   8|0x0000000080800000, 0x0000000080900000, 0x0000000080900000|100%| O|  |TAMS 0x0000000080900000, 0x0000000080800000| Untracked 
|   9|0x0000000080900000, 0x0000000080a00000, 0x0000000080a00000|100%|HS|  |TAMS 0x0000000080a00000, 0x0000000080900000| Complete 
|  10|0x0000000080a00000, 0x0000000080b00000, 0x0000000080b00000|100%| O|  |TAMS 0x0000000080b00000, 0x0000000080a00000| Untracked 
|  11|0x0000000080b00000, 0x0000000080c00000, 0x0000000080c00000|100%| O|  |TAMS 0x0000000080c00000, 0x0000000080b00000| Untracked 
|  12|0x0000000080c00000, 0x0000000080d00000, 0x0000000080d00000|100%| O|  |TAMS 0x0000000080d00000, 0x0000000080c00000| Untracked 
|  13|0x0000000080d00000, 0x0000000080e00000, 0x0000000080e00000|100%| O|  |TAMS 0x0000000080e00000, 0x0000000080d00000| Untracked 
|  14|0x0000000080e00000, 0x0000000080f00000, 0x0000000080f00000|100%| O|  |TAMS 0x0000000080f00000, 0x0000000080e00000| Untracked 
|  15|0x0000000080f00000, 0x0000000081000000, 0x0000000081000000|100%| O|  |TAMS 0x0000000081000000, 0x0000000080f00000| Untracked 
|  16|0x0000000081000000, 0x0000000081100000, 0x0000000081100000|100%| O|  |TAMS 0x0000000081100000, 0x0000000081000000| Untracked 
|  17|0x0000000081100000, 0x0000000081200000, 0x0000000081200000|100%| O|  |TAMS 0x0000000081200000, 0x0000000081100000| Untracked 
|  18|0x0000000081200000, 0x0000000081300000, 0x0000000081300000|100%| O|  |TAMS 0x0000000081300000, 0x0000000081200000| Untracked 
|  19|0x0000000081300000, 0x00000000813da800, 0x0000000081400000| 85%| O|  |TAMS 0x00000000813da800, 0x0000000081300000| Untracked 
|  20|0x0000000081400000, 0x0000000081500000, 0x0000000081500000|100%| O|  |TAMS 0x0000000081500000, 0x0000000081400000| Untracked 
|  21|0x0000000081500000, 0x0000000081600000, 0x0000000081600000|100%| O|  |TAMS 0x0000000081600000, 0x0000000081500000| Untracked 
|  22|0x0000000081600000, 0x0000000081700000, 0x0000000081700000|100%| O|  |TAMS 0x0000000081700000, 0x0000000081600000| Untracked 
|  23|0x0000000081700000, 0x0000000081800000, 0x0000000081800000|100%| O|  |TAMS 0x0000000081800000, 0x0000000081700000| Untracked 
|  24|0x0000000081800000, 0x0000000081900000, 0x0000000081900000|100%| O|  |TAMS 0x0000000081900000, 0x0000000081800000| Untracked 
|  25|0x0000000081900000, 0x0000000081a00000, 0x0000000081a00000|100%| O|  |TAMS 0x0000000081a00000, 0x0000000081900000| Untracked 
|  26|0x0000000081a00000, 0x0000000081b00000, 0x0000000081b00000|100%| O|  |TAMS 0x0000000081b00000, 0x0000000081a00000| Untracked 
|  27|0x0000000081b00000, 0x0000000081c00000, 0x0000000081c00000|100%| O|  |TAMS 0x0000000081c00000, 0x0000000081b00000| Untracked 
|  28|0x0000000081c00000, 0x0000000081d00000, 0x0000000081d00000|100%|HS|  |TAMS 0x0000000081d00000, 0x0000000081c00000| Complete 
|  29|0x0000000081d00000, 0x0000000081e00000, 0x0000000081e00000|100%| O|  |TAMS 0x0000000081e00000, 0x0000000081d00000| Untracked 
|  30|0x0000000081e00000, 0x0000000081f00000, 0x0000000081f00000|100%| O|  |TAMS 0x0000000081f00000, 0x0000000081e00000| Untracked 
|  31|0x0000000081f00000, 0x0000000082000000, 0x0000000082000000|100%| O|  |TAMS 0x0000000082000000, 0x0000000081f00000| Untracked 
|  32|0x0000000082000000, 0x0000000082100000, 0x0000000082100000|100%| O|  |TAMS 0x0000000082100000, 0x0000000082000000| Untracked 
|  33|0x0000000082100000, 0x0000000082200000, 0x0000000082200000|100%| O|  |TAMS 0x0000000082200000, 0x0000000082100000| Untracked 
|  34|0x0000000082200000, 0x0000000082300000, 0x0000000082300000|100%| O|  |TAMS 0x0000000082300000, 0x0000000082200000| Untracked 
|  35|0x0000000082300000, 0x0000000082400000, 0x0000000082400000|100%|HS|  |TAMS 0x0000000082400000, 0x0000000082300000| Complete 
|  36|0x0000000082400000, 0x0000000082500000, 0x0000000082500000|100%|HC|  |TAMS 0x0000000082500000, 0x0000000082400000| Complete 
|  37|0x0000000082500000, 0x0000000082600000, 0x0000000082600000|100%| O|  |TAMS 0x0000000082600000, 0x0000000082500000| Untracked 
|  38|0x0000000082600000, 0x0000000082700000, 0x0000000082700000|100%| O|  |TAMS 0x0000000082700000, 0x0000000082600000| Untracked 
|  39|0x0000000082700000, 0x0000000082800000, 0x0000000082800000|100%| O|  |TAMS 0x0000000082800000, 0x0000000082700000| Untracked 
|  40|0x0000000082800000, 0x0000000082900000, 0x0000000082900000|100%| O|  |TAMS 0x0000000082900000, 0x0000000082800000| Untracked 
|  41|0x0000000082900000, 0x0000000082a00000, 0x0000000082a00000|100%| O|  |TAMS 0x0000000082a00000, 0x0000000082900000| Untracked 
|  42|0x0000000082a00000, 0x0000000082b00000, 0x0000000082b00000|100%| O|  |TAMS 0x0000000082b00000, 0x0000000082a00000| Untracked 
|  43|0x0000000082b00000, 0x0000000082c00000, 0x0000000082c00000|100%| O|  |TAMS 0x0000000082c00000, 0x0000000082b00000| Untracked 
|  44|0x0000000082c00000, 0x0000000082d00000, 0x0000000082d00000|100%| O|  |TAMS 0x0000000082d00000, 0x0000000082c00000| Untracked 
|  45|0x0000000082d00000, 0x0000000082e00000, 0x0000000082e00000|100%| O|  |TAMS 0x0000000082e00000, 0x0000000082d00000| Untracked 
|  46|0x0000000082e00000, 0x0000000082f00000, 0x0000000082f00000|100%| O|  |TAMS 0x0000000082f00000, 0x0000000082e00000| Untracked 
|  47|0x0000000082f00000, 0x0000000083000000, 0x0000000083000000|100%| O|  |TAMS 0x0000000083000000, 0x0000000082f00000| Untracked 
|  48|0x0000000083000000, 0x0000000083100000, 0x0000000083100000|100%| O|  |TAMS 0x0000000083100000, 0x0000000083000000| Untracked 
|  49|0x0000000083100000, 0x0000000083200000, 0x0000000083200000|100%| O|  |TAMS 0x0000000083200000, 0x0000000083100000| Untracked 
|  50|0x0000000083200000, 0x0000000083300000, 0x0000000083300000|100%| O|  |TAMS 0x0000000083300000, 0x0000000083200000| Untracked 
|  51|0x0000000083300000, 0x0000000083400000, 0x0000000083400000|100%| O|  |TAMS 0x0000000083400000, 0x0000000083300000| Untracked 
|  52|0x0000000083400000, 0x0000000083500000, 0x0000000083500000|100%| O|  |TAMS 0x0000000083500000, 0x0000000083400000| Untracked 
|  53|0x0000000083500000, 0x0000000083600000, 0x0000000083600000|100%| O|  |TAMS 0x0000000083600000, 0x0000000083500000| Untracked 
|  54|0x0000000083600000, 0x0000000083700000, 0x0000000083700000|100%| O|  |TAMS 0x0000000083700000, 0x0000000083600000| Untracked 
|  55|0x0000000083700000, 0x0000000083800000, 0x0000000083800000|100%| O|  |TAMS 0x0000000083800000, 0x0000000083700000| Untracked 
|  56|0x0000000083800000, 0x0000000083900000, 0x0000000083900000|100%| O|  |TAMS 0x0000000083900000, 0x0000000083800000| Untracked 
|  57|0x0000000083900000, 0x0000000083a00000, 0x0000000083a00000|100%| O|  |TAMS 0x0000000083a00000, 0x0000000083900000| Untracked 
|  58|0x0000000083a00000, 0x0000000083b00000, 0x0000000083b00000|100%| O|  |TAMS 0x0000000083b00000, 0x0000000083a00000| Untracked 
|  59|0x0000000083b00000, 0x0000000083c00000, 0x0000000083c00000|100%| O|  |TAMS 0x0000000083c00000, 0x0000000083b00000| Untracked 
|  60|0x0000000083c00000, 0x0000000083d00000, 0x0000000083d00000|100%| O|  |TAMS 0x0000000083d00000, 0x0000000083c00000| Untracked 
|  61|0x0000000083d00000, 0x0000000083e00000, 0x0000000083e00000|100%| O|  |TAMS 0x0000000083e00000, 0x0000000083d00000| Untracked 
|  62|0x0000000083e00000, 0x0000000083f00000, 0x0000000083f00000|100%| O|  |TAMS 0x0000000083f00000, 0x0000000083e00000| Untracked 
|  63|0x0000000083f00000, 0x0000000084000000, 0x0000000084000000|100%| O|  |TAMS 0x0000000084000000, 0x0000000083f00000| Untracked 
|  64|0x0000000084000000, 0x0000000084100000, 0x0000000084100000|100%| O|  |TAMS 0x0000000084100000, 0x0000000084000000| Untracked 
|  65|0x0000000084100000, 0x0000000084200000, 0x0000000084200000|100%| O|  |TAMS 0x0000000084200000, 0x0000000084100000| Untracked 
|  66|0x0000000084200000, 0x0000000084300000, 0x0000000084300000|100%| O|  |TAMS 0x0000000084300000, 0x0000000084200000| Untracked 
|  67|0x0000000084300000, 0x0000000084400000, 0x0000000084400000|100%| O|  |TAMS 0x0000000084400000, 0x0000000084300000| Untracked 
|  68|0x0000000084400000, 0x0000000084500000, 0x0000000084500000|100%| O|  |TAMS 0x0000000084500000, 0x0000000084400000| Untracked 
|  69|0x0000000084500000, 0x0000000084600000, 0x0000000084600000|100%| O|  |TAMS 0x0000000084600000, 0x0000000084500000| Untracked 
|  70|0x0000000084600000, 0x0000000084700000, 0x0000000084700000|100%| O|  |TAMS 0x0000000084700000, 0x0000000084600000| Untracked 
|  71|0x0000000084700000, 0x0000000084800000, 0x0000000084800000|100%| O|  |TAMS 0x0000000084800000, 0x0000000084700000| Untracked 
|  72|0x0000000084800000, 0x0000000084900000, 0x0000000084900000|100%| O|  |TAMS 0x0000000084900000, 0x0000000084800000| Untracked 
|  73|0x0000000084900000, 0x0000000084a00000, 0x0000000084a00000|100%| O|  |TAMS 0x0000000084a00000, 0x0000000084900000| Untracked 
|  74|0x0000000084a00000, 0x0000000084b00000, 0x0000000084b00000|100%| O|  |TAMS 0x0000000084b00000, 0x0000000084a00000| Untracked 
|  75|0x0000000084b00000, 0x0000000084c00000, 0x0000000084c00000|100%| O|  |TAMS 0x0000000084c00000, 0x0000000084b00000| Untracked 
|  76|0x0000000084c00000, 0x0000000084d00000, 0x0000000084d00000|100%| O|  |TAMS 0x0000000084d00000, 0x0000000084c00000| Untracked 
|  77|0x0000000084d00000, 0x0000000084e00000, 0x0000000084e00000|100%| O|  |TAMS 0x0000000084e00000, 0x0000000084d00000| Untracked 
|  78|0x0000000084e00000, 0x0000000084f00000, 0x0000000084f00000|100%| O|  |TAMS 0x0000000084f00000, 0x0000000084e00000| Untracked 
|  79|0x0000000084f00000, 0x0000000085000000, 0x0000000085000000|100%| O|  |TAMS 0x0000000085000000, 0x0000000084f00000| Untracked 
|  80|0x0000000085000000, 0x0000000085000000, 0x0000000085100000|  0%| F|  |TAMS 0x0000000085000000, 0x0000000085000000| Untracked 
|  81|0x0000000085100000, 0x0000000085100000, 0x0000000085200000|  0%| F|  |TAMS 0x0000000085100000, 0x0000000085100000| Untracked 
|  82|0x0000000085200000, 0x0000000085200000, 0x0000000085300000|  0%| F|  |TAMS 0x0000000085200000, 0x0000000085200000| Untracked 
|  83|0x0000000085300000, 0x0000000085300000, 0x0000000085400000|  0%| F|  |TAMS 0x0000000085300000, 0x0000000085300000| Untracked 
|  84|0x0000000085400000, 0x0000000085400000, 0x0000000085500000|  0%| F|  |TAMS 0x0000000085400000, 0x0000000085400000| Untracked 
|  85|0x0000000085500000, 0x0000000085500000, 0x0000000085600000|  0%| F|  |TAMS 0x0000000085500000, 0x0000000085500000| Untracked 
|  86|0x0000000085600000, 0x0000000085600000, 0x0000000085700000|  0%| F|  |TAMS 0x0000000085600000, 0x0000000085600000| Untracked 
|  87|0x0000000085700000, 0x0000000085800000, 0x0000000085800000|100%| O|  |TAMS 0x0000000085800000, 0x0000000085700000| Untracked 
|  88|0x0000000085800000, 0x0000000085800000, 0x0000000085900000|  0%| F|  |TAMS 0x0000000085800000, 0x0000000085800000| Untracked 
|  89|0x0000000085900000, 0x0000000085900000, 0x0000000085a00000|  0%| F|  |TAMS 0x0000000085900000, 0x0000000085900000| Untracked 
|  90|0x0000000085a00000, 0x0000000085b00000, 0x0000000085b00000|100%| O|  |TAMS 0x0000000085b00000, 0x0000000085a00000| Untracked 
|  91|0x0000000085b00000, 0x0000000085b00000, 0x0000000085c00000|  0%| F|  |TAMS 0x0000000085b00000, 0x0000000085b00000| Untracked 
|  92|0x0000000085c00000, 0x0000000085c00000, 0x0000000085d00000|  0%| F|  |TAMS 0x0000000085c00000, 0x0000000085c00000| Untracked 
|  93|0x0000000085d00000, 0x0000000085e00000, 0x0000000085e00000|100%| O|  |TAMS 0x0000000085e00000, 0x0000000085d00000| Untracked 
|  94|0x0000000085e00000, 0x0000000085e00000, 0x0000000085f00000|  0%| F|  |TAMS 0x0000000085e00000, 0x0000000085e00000| Untracked 
|  95|0x0000000085f00000, 0x0000000086000000, 0x0000000086000000|100%| O|  |TAMS 0x0000000086000000, 0x0000000085f00000| Untracked 
|  96|0x0000000086000000, 0x0000000086000000, 0x0000000086100000|  0%| F|  |TAMS 0x0000000086000000, 0x0000000086000000| Untracked 
|  97|0x0000000086100000, 0x0000000086100000, 0x0000000086200000|  0%| F|  |TAMS 0x0000000086100000, 0x0000000086100000| Untracked 
|  98|0x0000000086200000, 0x0000000086200000, 0x0000000086300000|  0%| F|  |TAMS 0x0000000086200000, 0x0000000086200000| Untracked 
|  99|0x0000000086300000, 0x0000000086300000, 0x0000000086400000|  0%| F|  |TAMS 0x0000000086300000, 0x0000000086300000| Untracked 
| 100|0x0000000086400000, 0x0000000086400000, 0x0000000086500000|  0%| F|  |TAMS 0x0000000086400000, 0x0000000086400000| Untracked 
| 101|0x0000000086500000, 0x0000000086600000, 0x0000000086600000|100%| O|  |TAMS 0x0000000086600000, 0x0000000086500000| Untracked 
| 102|0x0000000086600000, 0x0000000086600000, 0x0000000086700000|  0%| F|  |TAMS 0x0000000086600000, 0x0000000086600000| Untracked 
| 103|0x0000000086700000, 0x0000000086700000, 0x0000000086800000|  0%| F|  |TAMS 0x0000000086700000, 0x0000000086700000| Untracked 
| 104|0x0000000086800000, 0x0000000086900000, 0x0000000086900000|100%| O|  |TAMS 0x0000000086900000, 0x0000000086800000| Untracked 
| 105|0x0000000086900000, 0x0000000086a00000, 0x0000000086a00000|100%| O|  |TAMS 0x0000000086a00000, 0x0000000086900000| Untracked 
| 106|0x0000000086a00000, 0x0000000086b00000, 0x0000000086b00000|100%| O|  |TAMS 0x0000000086b00000, 0x0000000086a00000| Untracked 
| 107|0x0000000086b00000, 0x0000000086c00000, 0x0000000086c00000|100%| O|  |TAMS 0x0000000086c00000, 0x0000000086b00000| Untracked 
| 108|0x0000000086c00000, 0x0000000086d00000, 0x0000000086d00000|100%| O|  |TAMS 0x0000000086d00000, 0x0000000086c00000| Untracked 
| 109|0x0000000086d00000, 0x0000000086e00000, 0x0000000086e00000|100%| O|  |TAMS 0x0000000086e00000, 0x0000000086d00000| Untracked 
| 110|0x0000000086e00000, 0x0000000086f00000, 0x0000000086f00000|100%| O|  |TAMS 0x0000000086eb6600, 0x0000000086e00000| Untracked 
| 111|0x0000000086f00000, 0x0000000087000000, 0x0000000087000000|100%|HS|  |TAMS 0x0000000087000000, 0x0000000086f00000| Complete 
| 112|0x0000000087000000, 0x0000000087100000, 0x0000000087100000|100%|HC|  |TAMS 0x0000000087100000, 0x0000000087000000| Complete 
| 113|0x0000000087100000, 0x0000000087200000, 0x0000000087200000|100%| O|  |TAMS 0x0000000087100000, 0x0000000087100000| Untracked 
| 114|0x0000000087200000, 0x0000000087300000, 0x0000000087300000|100%| O|  |TAMS 0x0000000087200000, 0x0000000087200000| Untracked 
| 115|0x0000000087300000, 0x0000000087400000, 0x0000000087400000|100%| O|  |TAMS 0x0000000087300000, 0x0000000087300000| Untracked 
| 116|0x0000000087400000, 0x0000000087500000, 0x0000000087500000|100%| O|  |TAMS 0x0000000087400000, 0x0000000087400000| Untracked 
| 117|0x0000000087500000, 0x0000000087600000, 0x0000000087600000|100%| O|  |TAMS 0x0000000087500000, 0x0000000087500000| Untracked 
| 118|0x0000000087600000, 0x0000000087700000, 0x0000000087700000|100%| O|  |TAMS 0x0000000087600000, 0x0000000087600000| Untracked 
| 119|0x0000000087700000, 0x0000000087800000, 0x0000000087800000|100%| O|  |TAMS 0x0000000087700000, 0x0000000087700000| Untracked 
| 120|0x0000000087800000, 0x0000000087900000, 0x0000000087900000|100%| O|  |TAMS 0x0000000087800000, 0x0000000087800000| Untracked 
| 121|0x0000000087900000, 0x0000000087a00000, 0x0000000087a00000|100%| O|  |TAMS 0x0000000087900000, 0x0000000087900000| Untracked 
| 122|0x0000000087a00000, 0x0000000087b00000, 0x0000000087b00000|100%| O|  |TAMS 0x0000000087a00000, 0x0000000087a00000| Untracked 
| 123|0x0000000087b00000, 0x0000000087c00000, 0x0000000087c00000|100%| O|  |TAMS 0x0000000087b00000, 0x0000000087b00000| Untracked 
| 124|0x0000000087c00000, 0x0000000087d00000, 0x0000000087d00000|100%| O|  |TAMS 0x0000000087c00000, 0x0000000087c00000| Untracked 
| 125|0x0000000087d00000, 0x0000000087e00000, 0x0000000087e00000|100%| O|  |TAMS 0x0000000087d00000, 0x0000000087d00000| Untracked 
| 126|0x0000000087e00000, 0x0000000087f00000, 0x0000000087f00000|100%| O|  |TAMS 0x0000000087e00000, 0x0000000087e00000| Untracked 
| 127|0x0000000087f00000, 0x0000000088000000, 0x0000000088000000|100%| O|  |TAMS 0x0000000087f00000, 0x0000000087f00000| Untracked 
| 128|0x0000000088000000, 0x00000000880b6600, 0x0000000088100000| 71%| O|  |TAMS 0x0000000088000000, 0x0000000088000000| Untracked 
| 129|0x0000000088100000, 0x0000000088100000, 0x0000000088200000|  0%| F|  |TAMS 0x0000000088100000, 0x0000000088100000| Untracked 
| 130|0x0000000088200000, 0x0000000088200000, 0x0000000088300000|  0%| F|  |TAMS 0x0000000088200000, 0x0000000088200000| Untracked 
| 131|0x0000000088300000, 0x0000000088400000, 0x0000000088400000|100%| O|  |TAMS 0x0000000088300000, 0x0000000088300000| Untracked 
| 132|0x0000000088400000, 0x0000000088500000, 0x0000000088500000|100%| O|  |TAMS 0x0000000088400000, 0x0000000088400000| Untracked 
| 133|0x0000000088500000, 0x0000000088600000, 0x0000000088600000|100%| O|  |TAMS 0x0000000088500000, 0x0000000088500000| Untracked 
| 134|0x0000000088600000, 0x0000000088700000, 0x0000000088700000|100%| O|  |TAMS 0x0000000088600000, 0x0000000088600000| Untracked 
| 135|0x0000000088700000, 0x0000000088800000, 0x0000000088800000|100%| O|  |TAMS 0x0000000088700000, 0x0000000088700000| Untracked 
| 136|0x0000000088800000, 0x0000000088900000, 0x0000000088900000|100%| O|  |TAMS 0x0000000088800000, 0x0000000088800000| Untracked 
| 137|0x0000000088900000, 0x0000000088a00000, 0x0000000088a00000|100%| O|  |TAMS 0x0000000088900000, 0x0000000088900000| Untracked 
| 138|0x0000000088a00000, 0x0000000088a00000, 0x0000000088b00000|  0%| F|  |TAMS 0x0000000088a00000, 0x0000000088a00000| Untracked 
| 139|0x0000000088b00000, 0x0000000088b00000, 0x0000000088c00000|  0%| F|  |TAMS 0x0000000088b00000, 0x0000000088b00000| Untracked 
| 140|0x0000000088c00000, 0x0000000088c00000, 0x0000000088d00000|  0%| F|  |TAMS 0x0000000088c00000, 0x0000000088c00000| Untracked 
| 141|0x0000000088d00000, 0x0000000088d00000, 0x0000000088e00000|  0%| F|  |TAMS 0x0000000088d00000, 0x0000000088d00000| Untracked 
| 142|0x0000000088e00000, 0x0000000088e00000, 0x0000000088f00000|  0%| F|  |TAMS 0x0000000088e00000, 0x0000000088e00000| Untracked 
| 143|0x0000000088f00000, 0x0000000088f00000, 0x0000000089000000|  0%| F|  |TAMS 0x0000000088f00000, 0x0000000088f00000| Untracked 
| 144|0x0000000089000000, 0x0000000089000000, 0x0000000089100000|  0%| F|  |TAMS 0x0000000089000000, 0x0000000089000000| Untracked 
| 145|0x0000000089100000, 0x0000000089100000, 0x0000000089200000|  0%| F|  |TAMS 0x0000000089100000, 0x0000000089100000| Untracked 
| 146|0x0000000089200000, 0x0000000089200000, 0x0000000089300000|  0%| F|  |TAMS 0x0000000089200000, 0x0000000089200000| Untracked 
| 147|0x0000000089300000, 0x0000000089300000, 0x0000000089400000|  0%| F|  |TAMS 0x0000000089300000, 0x0000000089300000| Untracked 
| 148|0x0000000089400000, 0x0000000089400000, 0x0000000089500000|  0%| F|  |TAMS 0x0000000089400000, 0x0000000089400000| Untracked 
| 149|0x0000000089500000, 0x0000000089500000, 0x0000000089600000|  0%| F|  |TAMS 0x0000000089500000, 0x0000000089500000| Untracked 
| 150|0x0000000089600000, 0x0000000089600000, 0x0000000089700000|  0%| F|  |TAMS 0x0000000089600000, 0x0000000089600000| Untracked 
| 151|0x0000000089700000, 0x0000000089700000, 0x0000000089800000|  0%| F|  |TAMS 0x0000000089700000, 0x0000000089700000| Untracked 
| 152|0x0000000089800000, 0x0000000089800000, 0x0000000089900000|  0%| F|  |TAMS 0x0000000089800000, 0x0000000089800000| Untracked 
| 153|0x0000000089900000, 0x0000000089946ee0, 0x0000000089a00000| 27%| S|CS|TAMS 0x0000000089900000, 0x0000000089900000| Complete 
| 154|0x0000000089a00000, 0x0000000089b00000, 0x0000000089b00000|100%| S|CS|TAMS 0x0000000089a00000, 0x0000000089a00000| Complete 
| 155|0x0000000089b00000, 0x0000000089c00000, 0x0000000089c00000|100%| S|CS|TAMS 0x0000000089b00000, 0x0000000089b00000| Complete 
| 156|0x0000000089c00000, 0x0000000089d00000, 0x0000000089d00000|100%| S|CS|TAMS 0x0000000089c00000, 0x0000000089c00000| Complete 
| 157|0x0000000089d00000, 0x0000000089e00000, 0x0000000089e00000|100%| S|CS|TAMS 0x0000000089d00000, 0x0000000089d00000| Complete 
| 158|0x0000000089e00000, 0x0000000089f00000, 0x0000000089f00000|100%| S|CS|TAMS 0x0000000089e00000, 0x0000000089e00000| Complete 
| 159|0x0000000089f00000, 0x000000008a000000, 0x000000008a000000|100%| S|CS|TAMS 0x0000000089f00000, 0x0000000089f00000| Complete 
| 160|0x000000008a000000, 0x000000008a100000, 0x000000008a100000|100%| S|CS|TAMS 0x000000008a000000, 0x000000008a000000| Complete 
| 161|0x000000008a100000, 0x000000008a200000, 0x000000008a200000|100%| S|CS|TAMS 0x000000008a100000, 0x000000008a100000| Complete 
| 162|0x000000008a200000, 0x000000008a300000, 0x000000008a300000|100%| S|CS|TAMS 0x000000008a200000, 0x000000008a200000| Complete 
| 163|0x000000008a300000, 0x000000008a300000, 0x000000008a400000|  0%| F|  |TAMS 0x000000008a300000, 0x000000008a300000| Untracked 
| 164|0x000000008a400000, 0x000000008a400000, 0x000000008a500000|  0%| F|  |TAMS 0x000000008a400000, 0x000000008a400000| Untracked 
| 165|0x000000008a500000, 0x000000008a500000, 0x000000008a600000|  0%| F|  |TAMS 0x000000008a500000, 0x000000008a500000| Untracked 
| 166|0x000000008a600000, 0x000000008a600000, 0x000000008a700000|  0%| F|  |TAMS 0x000000008a600000, 0x000000008a600000| Untracked 
| 167|0x000000008a700000, 0x000000008a700000, 0x000000008a800000|  0%| F|  |TAMS 0x000000008a700000, 0x000000008a700000| Untracked 
| 168|0x000000008a800000, 0x000000008a800000, 0x000000008a900000|  0%| F|  |TAMS 0x000000008a800000, 0x000000008a800000| Untracked 
| 169|0x000000008a900000, 0x000000008a900000, 0x000000008aa00000|  0%| F|  |TAMS 0x000000008a900000, 0x000000008a900000| Untracked 
| 170|0x000000008aa00000, 0x000000008aa00000, 0x000000008ab00000|  0%| F|  |TAMS 0x000000008aa00000, 0x000000008aa00000| Untracked 
| 171|0x000000008ab00000, 0x000000008ab00000, 0x000000008ac00000|  0%| F|  |TAMS 0x000000008ab00000, 0x000000008ab00000| Untracked 
| 172|0x000000008ac00000, 0x000000008ac00000, 0x000000008ad00000|  0%| F|  |TAMS 0x000000008ac00000, 0x000000008ac00000| Untracked 
| 173|0x000000008ad00000, 0x000000008ad00000, 0x000000008ae00000|  0%| F|  |TAMS 0x000000008ad00000, 0x000000008ad00000| Untracked 
| 174|0x000000008ae00000, 0x000000008ae00000, 0x000000008af00000|  0%| F|  |TAMS 0x000000008ae00000, 0x000000008ae00000| Untracked 
| 175|0x000000008af00000, 0x000000008af00000, 0x000000008b000000|  0%| F|  |TAMS 0x000000008af00000, 0x000000008af00000| Untracked 
| 176|0x000000008b000000, 0x000000008b000000, 0x000000008b100000|  0%| F|  |TAMS 0x000000008b000000, 0x000000008b000000| Untracked 
| 177|0x000000008b100000, 0x000000008b100000, 0x000000008b200000|  0%| F|  |TAMS 0x000000008b100000, 0x000000008b100000| Untracked 
| 178|0x000000008b200000, 0x000000008b200000, 0x000000008b300000|  0%| F|  |TAMS 0x000000008b200000, 0x000000008b200000| Untracked 
| 179|0x000000008b300000, 0x000000008b300000, 0x000000008b400000|  0%| F|  |TAMS 0x000000008b300000, 0x000000008b300000| Untracked 
| 180|0x000000008b400000, 0x000000008b400000, 0x000000008b500000|  0%| F|  |TAMS 0x000000008b400000, 0x000000008b400000| Untracked 
| 181|0x000000008b500000, 0x000000008b500000, 0x000000008b600000|  0%| F|  |TAMS 0x000000008b500000, 0x000000008b500000| Untracked 
| 182|0x000000008b600000, 0x000000008b600000, 0x000000008b700000|  0%| F|  |TAMS 0x000000008b600000, 0x000000008b600000| Untracked 
| 183|0x000000008b700000, 0x000000008b700000, 0x000000008b800000|  0%| F|  |TAMS 0x000000008b700000, 0x000000008b700000| Untracked 
| 184|0x000000008b800000, 0x000000008b800000, 0x000000008b900000|  0%| F|  |TAMS 0x000000008b800000, 0x000000008b800000| Untracked 
| 185|0x000000008b900000, 0x000000008b900000, 0x000000008ba00000|  0%| F|  |TAMS 0x000000008b900000, 0x000000008b900000| Untracked 
| 186|0x000000008ba00000, 0x000000008ba00000, 0x000000008bb00000|  0%| F|  |TAMS 0x000000008ba00000, 0x000000008ba00000| Untracked 
| 187|0x000000008bb00000, 0x000000008bb00000, 0x000000008bc00000|  0%| F|  |TAMS 0x000000008bb00000, 0x000000008bb00000| Untracked 
| 188|0x000000008bc00000, 0x000000008bc00000, 0x000000008bd00000|  0%| F|  |TAMS 0x000000008bc00000, 0x000000008bc00000| Untracked 
| 189|0x000000008bd00000, 0x000000008bd00000, 0x000000008be00000|  0%| F|  |TAMS 0x000000008bd00000, 0x000000008bd00000| Untracked 
| 190|0x000000008be00000, 0x000000008be00000, 0x000000008bf00000|  0%| F|  |TAMS 0x000000008be00000, 0x000000008be00000| Untracked 
| 191|0x000000008bf00000, 0x000000008bf00000, 0x000000008c000000|  0%| F|  |TAMS 0x000000008bf00000, 0x000000008bf00000| Untracked 
| 192|0x000000008c000000, 0x000000008c000000, 0x000000008c100000|  0%| F|  |TAMS 0x000000008c000000, 0x000000008c000000| Untracked 
| 193|0x000000008c100000, 0x000000008c100000, 0x000000008c200000|  0%| F|  |TAMS 0x000000008c100000, 0x000000008c100000| Untracked 
| 194|0x000000008c200000, 0x000000008c200000, 0x000000008c300000|  0%| F|  |TAMS 0x000000008c200000, 0x000000008c200000| Untracked 
| 195|0x000000008c300000, 0x000000008c300000, 0x000000008c400000|  0%| F|  |TAMS 0x000000008c300000, 0x000000008c300000| Untracked 
| 196|0x000000008c400000, 0x000000008c400000, 0x000000008c500000|  0%| F|  |TAMS 0x000000008c400000, 0x000000008c400000| Untracked 
| 197|0x000000008c500000, 0x000000008c500000, 0x000000008c600000|  0%| F|  |TAMS 0x000000008c500000, 0x000000008c500000| Untracked 
| 198|0x000000008c600000, 0x000000008c600000, 0x000000008c700000|  0%| F|  |TAMS 0x000000008c600000, 0x000000008c600000| Untracked 
| 199|0x000000008c700000, 0x000000008c700000, 0x000000008c800000|  0%| F|  |TAMS 0x000000008c700000, 0x000000008c700000| Untracked 
| 200|0x000000008c800000, 0x000000008c800000, 0x000000008c900000|  0%| F|  |TAMS 0x000000008c800000, 0x000000008c800000| Untracked 
| 201|0x000000008c900000, 0x000000008c900000, 0x000000008ca00000|  0%| F|  |TAMS 0x000000008c900000, 0x000000008c900000| Untracked 
| 202|0x000000008ca00000, 0x000000008ca00000, 0x000000008cb00000|  0%| F|  |TAMS 0x000000008ca00000, 0x000000008ca00000| Untracked 
| 203|0x000000008cb00000, 0x000000008cb00000, 0x000000008cc00000|  0%| F|  |TAMS 0x000000008cb00000, 0x000000008cb00000| Untracked 
| 204|0x000000008cc00000, 0x000000008cc00000, 0x000000008cd00000|  0%| F|  |TAMS 0x000000008cc00000, 0x000000008cc00000| Untracked 
| 205|0x000000008cd00000, 0x000000008cd00000, 0x000000008ce00000|  0%| F|  |TAMS 0x000000008cd00000, 0x000000008cd00000| Untracked 
| 206|0x000000008ce00000, 0x000000008ce00000, 0x000000008cf00000|  0%| F|  |TAMS 0x000000008ce00000, 0x000000008ce00000| Untracked 
| 207|0x000000008cf00000, 0x000000008cf00000, 0x000000008d000000|  0%| F|  |TAMS 0x000000008cf00000, 0x000000008cf00000| Untracked 
| 208|0x000000008d000000, 0x000000008d000000, 0x000000008d100000|  0%| F|  |TAMS 0x000000008d000000, 0x000000008d000000| Untracked 
| 209|0x000000008d100000, 0x000000008d100000, 0x000000008d200000|  0%| F|  |TAMS 0x000000008d100000, 0x000000008d100000| Untracked 
| 210|0x000000008d200000, 0x000000008d200000, 0x000000008d300000|  0%| F|  |TAMS 0x000000008d200000, 0x000000008d200000| Untracked 
| 211|0x000000008d300000, 0x000000008d300000, 0x000000008d400000|  0%| F|  |TAMS 0x000000008d300000, 0x000000008d300000| Untracked 
| 212|0x000000008d400000, 0x000000008d400000, 0x000000008d500000|  0%| F|  |TAMS 0x000000008d400000, 0x000000008d400000| Untracked 
| 213|0x000000008d500000, 0x000000008d500000, 0x000000008d600000|  0%| F|  |TAMS 0x000000008d500000, 0x000000008d500000| Untracked 
| 214|0x000000008d600000, 0x000000008d600000, 0x000000008d700000|  0%| F|  |TAMS 0x000000008d600000, 0x000000008d600000| Untracked 
| 215|0x000000008d700000, 0x000000008d700000, 0x000000008d800000|  0%| F|  |TAMS 0x000000008d700000, 0x000000008d700000| Untracked 
| 216|0x000000008d800000, 0x000000008d800000, 0x000000008d900000|  0%| F|  |TAMS 0x000000008d800000, 0x000000008d800000| Untracked 
| 217|0x000000008d900000, 0x000000008d900000, 0x000000008da00000|  0%| F|  |TAMS 0x000000008d900000, 0x000000008d900000| Untracked 
| 218|0x000000008da00000, 0x000000008da00000, 0x000000008db00000|  0%| F|  |TAMS 0x000000008da00000, 0x000000008da00000| Untracked 
| 219|0x000000008db00000, 0x000000008db00000, 0x000000008dc00000|  0%| F|  |TAMS 0x000000008db00000, 0x000000008db00000| Untracked 
| 220|0x000000008dc00000, 0x000000008dc00000, 0x000000008dd00000|  0%| F|  |TAMS 0x000000008dc00000, 0x000000008dc00000| Untracked 
| 221|0x000000008dd00000, 0x000000008dd00000, 0x000000008de00000|  0%| F|  |TAMS 0x000000008dd00000, 0x000000008dd00000| Untracked 
| 222|0x000000008de00000, 0x000000008de00000, 0x000000008df00000|  0%| F|  |TAMS 0x000000008de00000, 0x000000008de00000| Untracked 
| 223|0x000000008df00000, 0x000000008df00000, 0x000000008e000000|  0%| F|  |TAMS 0x000000008df00000, 0x000000008df00000| Untracked 
| 224|0x000000008e000000, 0x000000008e000000, 0x000000008e100000|  0%| F|  |TAMS 0x000000008e000000, 0x000000008e000000| Untracked 
| 225|0x000000008e100000, 0x000000008e100000, 0x000000008e200000|  0%| F|  |TAMS 0x000000008e100000, 0x000000008e100000| Untracked 
| 226|0x000000008e200000, 0x000000008e200000, 0x000000008e300000|  0%| F|  |TAMS 0x000000008e200000, 0x000000008e200000| Untracked 
| 227|0x000000008e300000, 0x000000008e300000, 0x000000008e400000|  0%| F|  |TAMS 0x000000008e300000, 0x000000008e300000| Untracked 
| 228|0x000000008e400000, 0x000000008e400000, 0x000000008e500000|  0%| F|  |TAMS 0x000000008e400000, 0x000000008e400000| Untracked 
| 229|0x000000008e500000, 0x000000008e500000, 0x000000008e600000|  0%| F|  |TAMS 0x000000008e500000, 0x000000008e500000| Untracked 
| 230|0x000000008e600000, 0x000000008e600000, 0x000000008e700000|  0%| F|  |TAMS 0x000000008e600000, 0x000000008e600000| Untracked 
| 231|0x000000008e700000, 0x000000008e700000, 0x000000008e800000|  0%| F|  |TAMS 0x000000008e700000, 0x000000008e700000| Untracked 
| 232|0x000000008e800000, 0x000000008e800000, 0x000000008e900000|  0%| F|  |TAMS 0x000000008e800000, 0x000000008e800000| Untracked 
| 233|0x000000008e900000, 0x000000008e900000, 0x000000008ea00000|  0%| F|  |TAMS 0x000000008e900000, 0x000000008e900000| Untracked 
| 234|0x000000008ea00000, 0x000000008eae5440, 0x000000008eb00000| 89%| E|  |TAMS 0x000000008ea00000, 0x000000008ea00000| Complete 
| 235|0x000000008eb00000, 0x000000008ec00000, 0x000000008ec00000|100%| E|CS|TAMS 0x000000008eb00000, 0x000000008eb00000| Complete 
| 236|0x000000008ec00000, 0x000000008ed00000, 0x000000008ed00000|100%| E|CS|TAMS 0x000000008ec00000, 0x000000008ec00000| Complete 

Card table byte_map: [0x0000027c24580000,0x0000027c24980000] _byte_map_base: 0x0000027c24180000

Marking Bits (Prev, Next): (CMBitMap*) 0x0000027c0faa7620, (CMBitMap*) 0x0000027c0faa7660
 Prev Bits: [0x0000027c24d80000, 0x0000027c26d80000)
 Next Bits: [0x0000027c26d80000, 0x0000027c28d80000)

Polling page: 0x0000027c0fb20000

Metaspace:

Usage:
  Non-class:    102.18 MB used.
      Class:     15.74 MB used.
       Both:    117.91 MB used.

Virtual space:
  Non-class space:      104.00 MB reserved,     102.62 MB ( 99%) committed,  13 nodes.
      Class space:        1.00 GB reserved,      16.12 MB (  2%) committed,  1 nodes.
             Both:        1.10 GB reserved,     118.75 MB ( 11%) committed. 

Chunk freelists:
   Non-Class:  1.32 MB
       Class:  3.82 MB
        Both:  5.14 MB

MaxMetaspaceSize: unlimited
CompressedClassSpaceSize: 1.00 GB
Initial GC threshold: 21.00 MB
Current GC threshold: 196.38 MB
CDS: off
MetaspaceReclaimPolicy: balanced
 - commit_granule_bytes: 65536.
 - commit_granule_words: 8192.
 - virtual_space_node_default_size: 1048576.
 - enlarge_chunks_in_place: 1.
 - new_chunks_are_fully_committed: 0.
 - uncommit_free_chunks: 1.
 - use_allocation_guard: 0.
 - handle_deallocations: 1.


Internal statistics:

num_allocs_failed_limit: 12.
num_arena_births: 1306.
num_arena_deaths: 26.
num_vsnodes_births: 14.
num_vsnodes_deaths: 0.
num_space_committed: 1900.
num_space_uncommitted: 0.
num_chunks_returned_to_freelist: 50.
num_chunks_taken_from_freelist: 5882.
num_chunk_merges: 21.
num_chunk_splits: 3892.
num_chunks_enlarged: 2597.
num_purges: 2.
num_inconsistent_stats: 0.

CodeHeap 'non-profiled nmethods': size=120000Kb used=10041Kb max_used=10041Kb free=109958Kb
 bounds [0x0000027c1c1c0000, 0x0000027c1cb90000, 0x0000027c236f0000]
CodeHeap 'profiled nmethods': size=120000Kb used=30569Kb max_used=30569Kb free=89430Kb
 bounds [0x0000027c146f0000, 0x0000027c164d0000, 0x0000027c1bc20000]
CodeHeap 'non-nmethods': size=5760Kb used=2436Kb max_used=2663Kb free=3323Kb
 bounds [0x0000027c1bc20000, 0x0000027c1bed0000, 0x0000027c1c1c0000]
 total_blobs=16575 nmethods=15600 adapters=887
 compilation: enabled
              stopped_count=0, restarted_count=0
 full_count=0

Compilation events (20 events):
Event: 1136.909 Thread 0x0000027c2c4709c0 18006   !   4       org.gradle.cache.internal.DefaultMultiProcessSafePersistentIndexedCache::getIfPresent (25 bytes)
Event: 1136.951 Thread 0x0000027c2c4747c0 18013       3       org.gradle.internal.snapshot.impl.CoercingStringValueSnapshot::coerce (114 bytes)
Event: 1136.953 Thread 0x0000027c2c4747c0 nmethod 18013 0x0000027c164b5e90 code [0x0000027c164b6280, 0x0000027c164b7f08]
Event: 1136.959 Thread 0x0000027c2c4747c0 18014       3       org.gradle.api.internal.artifacts.ivyservice.modulecache.artifacts.ArtifactsAtRepositoryKey::hashCode (36 bytes)
Event: 1136.959 Thread 0x0000027c2c4747c0 nmethod 18014 0x0000027c164b8690 code [0x0000027c164b8860, 0x0000027c164b8ac8]
Event: 1136.961 Thread 0x0000027c2c4747c0 18015       3       java.util.IdentityHashMap::clear (39 bytes)
Event: 1136.962 Thread 0x0000027c2c4747c0 nmethod 18015 0x0000027c164b8c10 code [0x0000027c164b8dc0, 0x0000027c164b9118]
Event: 1136.962 Thread 0x0000027c2c4747c0 18016       3       org.gradle.api.internal.artifacts.ivyservice.resolveengine.result.CachingComponentSelectionDescriptorFactory$$Lambda$736/0x00000001009d2ba8::call (12 bytes)
Event: 1136.962 Thread 0x0000027c2c4747c0 nmethod 18016 0x0000027c164b9210 code [0x0000027c164b93c0, 0x0000027c164b95c8]
Event: 1136.962 Thread 0x0000027c2c4747c0 18017       3       org.gradle.api.internal.artifacts.ivyservice.resolveengine.result.CachingComponentSelectionDescriptorFactory::lambda$getOrCreate$1 (10 bytes)
Event: 1136.962 Thread 0x0000027c2c4747c0 nmethod 18017 0x0000027c164b9690 code [0x0000027c164b9840, 0x0000027c164b99c8]
Event: 1136.964 Thread 0x0000027c2c4747c0 18019       3       org.gradle.api.internal.artifacts.transform.ConsumerProvidedVariantFinder$AttributeSpecificCache::<init> (5 bytes)
Event: 1136.965 Thread 0x0000027c2c4747c0 nmethod 18019 0x0000027c164b9a90 code [0x0000027c164b9c80, 0x0000027c164ba2b8]
Event: 1136.965 Thread 0x0000027c2c4747c0 18020       3       org.gradle.api.internal.artifacts.transform.ConsumerProvidedVariantFinder$AttributeSpecificCache::<init> (19 bytes)
Event: 1136.965 Thread 0x0000027c2c4747c0 nmethod 18020 0x0000027c164ba510 code [0x0000027c164ba700, 0x0000027c164bacd8]
Event: 1136.974 Thread 0x0000027c2c4747c0 18024       3       org.gradle.execution.plan.TaskNodeFactory$DefaultTypeOriginInspectorFactory$$Lambda$852/0x0000000100b2dc88::apply (12 bytes)
Event: 1136.975 Thread 0x0000027c2c4747c0 nmethod 18024 0x0000027c164baf10 code [0x0000027c164bb140, 0x0000027c164bb878]
Event: 1136.975 Thread 0x0000027c2c4747c0 18025       3       org.gradle.execution.plan.TaskNodeFactory$DefaultTypeOriginInspectorFactory::lambda$jarFileFor$1 (14 bytes)
Event: 1136.976 Thread 0x0000027c2c4747c0 nmethod 18025 0x0000027c164bbb90 code [0x0000027c164bbdc0, 0x0000027c164bc3b8]
Event: 1136.976 Thread 0x0000027c2c4747c0 18026   !   3       org.gradle.execution.plan.TaskNodeFactory$DefaultTypeOriginInspectorFactory::toFile (21 bytes)

GC Heap History (20 events):
Event: 11.013 GC heap before
{Heap before GC invocations=30 (full 0):
 garbage-first heap   total 227328K, used 166676K [0x0000000080000000, 0x0000000100000000)
  region size 1024K, 105 young (107520K), 13 survivors (13312K)
 Metaspace       used 85678K, committed 86272K, reserved 1130496K
  class space    used 11506K, committed 11776K, reserved 1048576K
}
Event: 11.032 GC heap after
{Heap after GC invocations=31 (full 0):
 garbage-first heap   total 227328K, used 82277K [0x0000000080000000, 0x0000000100000000)
  region size 1024K, 9 young (9216K), 9 survivors (9216K)
 Metaspace       used 85678K, committed 86272K, reserved 1130496K
  class space    used 11506K, committed 11776K, reserved 1048576K
}
Event: 11.889 GC heap before
{Heap before GC invocations=31 (full 0):
 garbage-first heap   total 227328K, used 172389K [0x0000000080000000, 0x0000000100000000)
  region size 1024K, 98 young (100352K), 9 survivors (9216K)
 Metaspace       used 87576K, committed 88128K, reserved 1130496K
  class space    used 11719K, committed 11968K, reserved 1048576K
}
Event: 11.903 GC heap after
{Heap after GC invocations=32 (full 0):
 garbage-first heap   total 227328K, used 87653K [0x0000000080000000, 0x0000000100000000)
  region size 1024K, 6 young (6144K), 6 survivors (6144K)
 Metaspace       used 87576K, committed 88128K, reserved 1130496K
  class space    used 11719K, committed 11968K, reserved 1048576K
}
Event: 767.639 GC heap before
{Heap before GC invocations=32 (full 0):
 garbage-first heap   total 227328K, used 177765K [0x0000000080000000, 0x0000000100000000)
  region size 1024K, 95 young (97280K), 6 survivors (6144K)
 Metaspace       used 91823K, committed 92416K, reserved 1130496K
  class space    used 12021K, committed 12288K, reserved 1048576K
}
Event: 767.665 GC heap after
{Heap after GC invocations=33 (full 0):
 garbage-first heap   total 227328K, used 94676K [0x0000000080000000, 0x0000000100000000)
  region size 1024K, 12 young (12288K), 12 survivors (12288K)
 Metaspace       used 91823K, committed 92416K, reserved 1130496K
  class space    used 12021K, committed 12288K, reserved 1048576K
}
Event: 769.115 GC heap before
{Heap before GC invocations=33 (full 0):
 garbage-first heap   total 227328K, used 181716K [0x0000000080000000, 0x0000000100000000)
  region size 1024K, 96 young (98304K), 12 survivors (12288K)
 Metaspace       used 100945K, committed 101568K, reserved 1138688K
  class space    used 13194K, committed 13504K, reserved 1048576K
}
Event: 769.143 GC heap after
{Heap after GC invocations=34 (full 0):
 garbage-first heap   total 227328K, used 109471K [0x0000000080000000, 0x0000000100000000)
  region size 1024K, 12 young (12288K), 12 survivors (12288K)
 Metaspace       used 100945K, committed 101568K, reserved 1138688K
  class space    used 13194K, committed 13504K, reserved 1048576K
}
Event: 770.104 GC heap before
{Heap before GC invocations=34 (full 0):
 garbage-first heap   total 227328K, used 178079K [0x0000000080000000, 0x0000000100000000)
  region size 1024K, 80 young (81920K), 12 survivors (12288K)
 Metaspace       used 113668K, committed 114240K, reserved 1155072K
  class space    used 15284K, committed 15552K, reserved 1048576K
}
Event: 770.119 GC heap after
{Heap after GC invocations=35 (full 0):
 garbage-first heap   total 227328K, used 111201K [0x0000000080000000, 0x0000000100000000)
  region size 1024K, 5 young (5120K), 5 survivors (5120K)
 Metaspace       used 113668K, committed 114240K, reserved 1155072K
  class space    used 15284K, committed 15552K, reserved 1048576K
}
Event: 903.913 GC heap before
{Heap before GC invocations=35 (full 0):
 garbage-first heap   total 227328K, used 191073K [0x0000000080000000, 0x0000000100000000)
  region size 1024K, 74 young (75776K), 5 survivors (5120K)
 Metaspace       used 118774K, committed 119552K, reserved 1155072K
  class space    used 15987K, committed 16384K, reserved 1048576K
}
Event: 903.923 GC heap after
{Heap after GC invocations=36 (full 0):
 garbage-first heap   total 227328K, used 116176K [0x0000000080000000, 0x0000000100000000)
  region size 1024K, 10 young (10240K), 10 survivors (10240K)
 Metaspace       used 118774K, committed 119552K, reserved 1155072K
  class space    used 15987K, committed 16384K, reserved 1048576K
}
Event: 1076.240 GC heap before
{Heap before GC invocations=36 (full 0):
 garbage-first heap   total 227328K, used 181712K [0x0000000080000000, 0x0000000100000000)
  region size 1024K, 75 young (76800K), 10 survivors (10240K)
 Metaspace       used 119302K, committed 120064K, reserved 1155072K
  class space    used 16015K, committed 16384K, reserved 1048576K
}
Event: 1076.260 GC heap after
{Heap after GC invocations=37 (full 0):
 garbage-first heap   total 227328K, used 118736K [0x0000000080000000, 0x0000000100000000)
  region size 1024K, 6 young (6144K), 6 survivors (6144K)
 Metaspace       used 119302K, committed 120064K, reserved 1155072K
  class space    used 16015K, committed 16384K, reserved 1048576K
}
Event: 1077.282 GC heap before
{Heap before GC invocations=37 (full 0):
 garbage-first heap   total 227328K, used 179152K [0x0000000080000000, 0x0000000100000000)
  region size 1024K, 65 young (66560K), 6 survivors (6144K)
 Metaspace       used 119649K, committed 120448K, reserved 1155072K
  class space    used 16032K, committed 16448K, reserved 1048576K
}
Event: 1077.308 GC heap after
{Heap after GC invocations=38 (full 0):
 garbage-first heap   total 227328K, used 132564K [0x0000000080000000, 0x0000000100000000)
  region size 1024K, 9 young (9216K), 9 survivors (9216K)
 Metaspace       used 119649K, committed 120448K, reserved 1155072K
  class space    used 16032K, committed 16448K, reserved 1048576K
}
Event: 1107.193 GC heap before
{Heap before GC invocations=39 (full 0):
 garbage-first heap   total 242688K, used 189908K [0x0000000080000000, 0x0000000100000000)
  region size 1024K, 56 young (57344K), 9 survivors (9216K)
 Metaspace       used 120282K, committed 121152K, reserved 1155072K
  class space    used 16083K, committed 16512K, reserved 1048576K
}
Event: 1107.203 GC heap after
{Heap after GC invocations=40 (full 0):
 garbage-first heap   total 242688K, used 133846K [0x0000000080000000, 0x0000000100000000)
  region size 1024K, 4 young (4096K), 4 survivors (4096K)
 Metaspace       used 120282K, committed 121152K, reserved 1155072K
  class space    used 16083K, committed 16512K, reserved 1048576K
}
Event: 1107.251 GC heap before
{Heap before GC invocations=40 (full 0):
 garbage-first heap   total 242688K, used 139990K [0x0000000080000000, 0x0000000100000000)
  region size 1024K, 11 young (11264K), 4 survivors (4096K)
 Metaspace       used 120295K, committed 121152K, reserved 1155072K
  class space    used 16083K, committed 16512K, reserved 1048576K
}
Event: 1107.265 GC heap after
{Heap after GC invocations=41 (full 0):
 garbage-first heap   total 242688K, used 120779K [0x0000000080000000, 0x0000000100000000)
  region size 1024K, 2 young (2048K), 2 survivors (2048K)
 Metaspace       used 120295K, committed 121152K, reserved 1155072K
  class space    used 16083K, committed 16512K, reserved 1048576K
}

Dll operation events (2 events):
Event: 0.006 Loaded shared library C:\Program Files\Android\Android Studio\jbr\bin\java.dll
Event: 0.288 Loaded shared library C:\Program Files\Android\Android Studio\jbr\bin\verify.dll

Deoptimization events (20 events):
Event: 1077.959 Thread 0x0000027c37ebdf90 DEOPT PACKING pc=0x0000027c14c37938 sp=0x000000c39c9fd780
Event: 1077.960 Thread 0x0000027c37ebdf90 DEOPT UNPACKING pc=0x0000027c1bc77143 sp=0x000000c39c9fcbd8 mode 0
Event: 1077.960 Thread 0x0000027c37ebdf90 DEOPT PACKING pc=0x0000027c14c37938 sp=0x000000c39c9fd790
Event: 1077.960 Thread 0x0000027c37ebdf90 DEOPT UNPACKING pc=0x0000027c1bc77143 sp=0x000000c39c9fcbe8 mode 0
Event: 1077.960 Thread 0x0000027c37ebdf90 DEOPT PACKING pc=0x0000027c14c37938 sp=0x000000c39c9fd790
Event: 1077.960 Thread 0x0000027c37ebdf90 DEOPT UNPACKING pc=0x0000027c1bc77143 sp=0x000000c39c9fcbe8 mode 0
Event: 1077.961 Thread 0x0000027c37ebdf90 DEOPT PACKING pc=0x0000027c14c37938 sp=0x000000c39c9fd790
Event: 1077.961 Thread 0x0000027c37ebdf90 DEOPT UNPACKING pc=0x0000027c1bc77143 sp=0x000000c39c9fcbe8 mode 0
Event: 1077.961 Thread 0x0000027c37ebdf90 DEOPT PACKING pc=0x0000027c14c37938 sp=0x000000c39c9fd790
Event: 1077.961 Thread 0x0000027c37ebdf90 DEOPT UNPACKING pc=0x0000027c1bc77143 sp=0x000000c39c9fcbe8 mode 0
Event: 1077.962 Thread 0x0000027c37ebdf90 DEOPT PACKING pc=0x0000027c14c37938 sp=0x000000c39c9fd790
Event: 1077.962 Thread 0x0000027c37ebdf90 DEOPT UNPACKING pc=0x0000027c1bc77143 sp=0x000000c39c9fcbe8 mode 0
Event: 1077.963 Thread 0x0000027c37ebdf90 DEOPT PACKING pc=0x0000027c14c37938 sp=0x000000c39c9fd7e0
Event: 1077.963 Thread 0x0000027c37ebdf90 DEOPT UNPACKING pc=0x0000027c1bc77143 sp=0x000000c39c9fcc38 mode 0
Event: 1077.996 Thread 0x0000027c37ebee00 DEOPT PACKING pc=0x0000027c1554eabe sp=0x000000c39abfe490
Event: 1077.996 Thread 0x0000027c37ebee00 DEOPT UNPACKING pc=0x0000027c1bc77143 sp=0x000000c39abfd990 mode 0
Event: 1107.342 Thread 0x0000027c35f05d20 Uncommon trap: trap_request=0xffffffde fr.pc=0x0000027c1c738d7c relative=0x00000000000000dc
Event: 1107.342 Thread 0x0000027c35f05d20 Uncommon trap: reason=class_check action=maybe_recompile pc=0x0000027c1c738d7c method=java.util.stream.ReferencePipeline$4$1.accept(Ljava/lang/Object;)V @ 12 c2
Event: 1107.342 Thread 0x0000027c35f05d20 DEOPT PACKING pc=0x0000027c1c738d7c sp=0x000000c3937fbf40
Event: 1107.342 Thread 0x0000027c35f05d20 DEOPT UNPACKING pc=0x0000027c1bc769a3 sp=0x000000c3937fbec0 mode 2

Classes unloaded (13 events):
Event: 1077.539 Thread 0x0000027c2b883860 Unloading class 0x0000000100d75c00 'jdk/internal/reflect/GeneratedSerializationConstructorAccessor65'
Event: 1077.539 Thread 0x0000027c2b883860 Unloading class 0x0000000100d75800 'jdk/internal/reflect/GeneratedSerializationConstructorAccessor62'
Event: 1077.539 Thread 0x0000027c2b883860 Unloading class 0x0000000100d75400 'jdk/internal/reflect/GeneratedSerializationConstructorAccessor60'
Event: 1077.539 Thread 0x0000027c2b883860 Unloading class 0x0000000100d75000 'jdk/internal/reflect/GeneratedSerializationConstructorAccessor64'
Event: 1077.539 Thread 0x0000027c2b883860 Unloading class 0x0000000100d74c00 'jdk/internal/reflect/GeneratedSerializationConstructorAccessor63'
Event: 1077.539 Thread 0x0000027c2b883860 Unloading class 0x0000000100d74800 'jdk/internal/reflect/GeneratedSerializationConstructorAccessor61'
Event: 1077.539 Thread 0x0000027c2b883860 Unloading class 0x0000000100d74400 'jdk/internal/reflect/GeneratedSerializationConstructorAccessor58'
Event: 1077.539 Thread 0x0000027c2b883860 Unloading class 0x0000000100b91800 'java/lang/invoke/LambdaForm$DMH+0x0000000100b91800'
Event: 1077.539 Thread 0x0000027c2b883860 Unloading class 0x0000000100b91000 'java/lang/invoke/LambdaForm$DMH+0x0000000100b91000'
Event: 1077.539 Thread 0x0000027c2b883860 Unloading class 0x0000000100b90000 'java/lang/invoke/LambdaForm$DMH+0x0000000100b90000'
Event: 1077.539 Thread 0x0000027c2b883860 Unloading class 0x0000000100b90c00 'java/lang/invoke/LambdaForm$DMH+0x0000000100b90c00'
Event: 1077.539 Thread 0x0000027c2b883860 Unloading class 0x0000000100b90400 'java/lang/invoke/LambdaForm$DMH+0x0000000100b90400'
Event: 1077.539 Thread 0x0000027c2b883860 Unloading class 0x0000000100b91400 'java/lang/invoke/LambdaForm$DMH+0x0000000100b91400'

Classes redefined (0 events):
No events

Internal exceptions (20 events):
Event: 1107.229 Thread 0x0000027c35f05d20 Exception <a 'sun/nio/fs/WindowsException'{0x000000008e797be0}> (0x000000008e797be0) 
thrown [s\src\hotspot\share\prims\jni.cpp, line 517]
Event: 1107.281 Thread 0x0000027c35f05d20 Exception <a 'java/lang/NoClassDefFoundError'{0x000000008eb855b0}: org/jetbrains/kotlin/gradle/plugin/KotlinBasePluginWrapper> (0x000000008eb855b0) 
thrown [s\src\hotspot\share\oops\constantPool.cpp, line 835]
Event: 1107.317 Thread 0x0000027c35f05d20 Exception <a 'sun/nio/fs/WindowsException'{0x000000008e83c1a8}> (0x000000008e83c1a8) 
thrown [s\src\hotspot\share\prims\jni.cpp, line 517]
Event: 1107.322 Thread 0x0000027c35f05d20 Exception <a 'sun/nio/fs/WindowsException'{0x000000008e8d3b08}> (0x000000008e8d3b08) 
thrown [s\src\hotspot\share\prims\jni.cpp, line 517]
Event: 1107.322 Thread 0x0000027c35f05d20 Exception <a 'sun/nio/fs/WindowsException'{0x000000008e8d4e80}> (0x000000008e8d4e80) 
thrown [s\src\hotspot\share\prims\jni.cpp, line 517]
Event: 1107.323 Thread 0x0000027c35f05d20 Exception <a 'sun/nio/fs/WindowsException'{0x000000008e8d6248}> (0x000000008e8d6248) 
thrown [s\src\hotspot\share\prims\jni.cpp, line 517]
Event: 1107.323 Thread 0x0000027c35f05d20 Exception <a 'sun/nio/fs/WindowsException'{0x000000008e8d7610}> (0x000000008e8d7610) 
thrown [s\src\hotspot\share\prims\jni.cpp, line 517]
Event: 1107.351 Thread 0x0000027c35f05d20 Exception <a 'sun/nio/fs/WindowsException'{0x000000008e389da8}> (0x000000008e389da8) 
thrown [s\src\hotspot\share\prims\jni.cpp, line 517]
Event: 1107.673 Thread 0x0000027c319f86f0 Exception <a 'sun/nio/fs/WindowsException'{0x000000008cb8f858}> (0x000000008cb8f858) 
thrown [s\src\hotspot\share\prims\jni.cpp, line 517]
Event: 1107.674 Thread 0x0000027c35f05d20 Exception <a 'sun/nio/fs/WindowsException'{0x000000008cb97440}> (0x000000008cb97440) 
thrown [s\src\hotspot\share\prims\jni.cpp, line 517]
Event: 1107.674 Thread 0x0000027c35f05d20 Exception <a 'sun/nio/fs/WindowsException'{0x000000008cb977c8}> (0x000000008cb977c8) 
thrown [s\src\hotspot\share\prims\jni.cpp, line 517]
Event: 1107.674 Thread 0x0000027c35f05d20 Exception <a 'sun/nio/fs/WindowsException'{0x000000008cb990d8}> (0x000000008cb990d8) 
thrown [s\src\hotspot\share\prims\jni.cpp, line 517]
Event: 1136.701 Thread 0x0000027c35f05d20 Exception <a 'sun/nio/fs/WindowsException'{0x000000008b4da5e0}> (0x000000008b4da5e0) 
thrown [s\src\hotspot\share\prims\jni.cpp, line 517]
Event: 1136.748 Thread 0x0000027c35f05d20 Exception <a 'java/lang/NoClassDefFoundError'{0x000000008b1dcb50}: org/jetbrains/kotlin/gradle/plugin/KotlinBasePluginWrapper> (0x000000008b1dcb50) 
thrown [s\src\hotspot\share\oops\constantPool.cpp, line 835]
Event: 1136.776 Thread 0x0000027c35f05d20 Exception <a 'sun/nio/fs/WindowsException'{0x000000008af2c3c8}> (0x000000008af2c3c8) 
thrown [s\src\hotspot\share\prims\jni.cpp, line 517]
Event: 1136.785 Thread 0x0000027c35f05d20 Exception <a 'sun/nio/fs/WindowsException'{0x000000008afc76d8}> (0x000000008afc76d8) 
thrown [s\src\hotspot\share\prims\jni.cpp, line 517]
Event: 1136.785 Thread 0x0000027c35f05d20 Exception <a 'sun/nio/fs/WindowsException'{0x000000008afc8a50}> (0x000000008afc8a50) 
thrown [s\src\hotspot\share\prims\jni.cpp, line 517]
Event: 1136.785 Thread 0x0000027c35f05d20 Exception <a 'sun/nio/fs/WindowsException'{0x000000008afc9e18}> (0x000000008afc9e18) 
thrown [s\src\hotspot\share\prims\jni.cpp, line 517]
Event: 1136.785 Thread 0x0000027c35f05d20 Exception <a 'sun/nio/fs/WindowsException'{0x000000008afcb1e0}> (0x000000008afcb1e0) 
thrown [s\src\hotspot\share\prims\jni.cpp, line 517]
Event: 1136.856 Thread 0x0000027c35f05d20 Exception <a 'sun/nio/fs/WindowsException'{0x000000008aa247d0}> (0x000000008aa247d0) 
thrown [s\src\hotspot\share\prims\jni.cpp, line 517]

VM Operations (20 events):
Event: 1077.811 Executing VM operation: ICBufferFull
Event: 1077.822 Executing VM operation: ICBufferFull done
Event: 1078.836 Executing VM operation: Cleanup
Event: 1078.837 Executing VM operation: Cleanup done
Event: 1081.840 Executing VM operation: Cleanup
Event: 1081.840 Executing VM operation: Cleanup done
Event: 1107.088 Executing VM operation: Cleanup
Event: 1107.088 Executing VM operation: Cleanup done
Event: 1107.193 Executing VM operation: G1CollectForAllocation
Event: 1107.203 Executing VM operation: G1CollectForAllocation done
Event: 1107.250 Executing VM operation: G1CollectForAllocation
Event: 1107.266 Executing VM operation: G1CollectForAllocation done
Event: 1107.530 Executing VM operation: ICBufferFull
Event: 1107.530 Executing VM operation: ICBufferFull done
Event: 1108.543 Executing VM operation: Cleanup
Event: 1108.543 Executing VM operation: Cleanup done
Event: 1121.625 Executing VM operation: Cleanup
Event: 1121.625 Executing VM operation: Cleanup done
Event: 1136.758 Executing VM operation: Cleanup
Event: 1136.759 Executing VM operation: Cleanup done

Events (20 events):
Event: 1136.659 Thread 0x0000027c35ef8530 Thread added: 0x0000027c35ef8530
Event: 1136.659 Thread 0x0000027c35ef8ed0 Thread added: 0x0000027c35ef8ed0
Event: 1136.659 Thread 0x0000027c35ef9870 Thread added: 0x0000027c35ef9870
Event: 1136.660 Thread 0x0000027c35ef8a00 Thread added: 0x0000027c35ef8a00
Event: 1136.660 Thread 0x0000027c35ef9d40 Thread added: 0x0000027c35ef9d40
Event: 1136.660 Thread 0x0000027c3264d770 Thread added: 0x0000027c3264d770
Event: 1136.660 Thread 0x0000027c3264c900 Thread added: 0x0000027c3264c900
Event: 1136.660 Thread 0x0000027c3264a750 Thread added: 0x0000027c3264a750
Event: 1136.660 Thread 0x0000027c3264cdd0 Thread added: 0x0000027c3264cdd0
Event: 1136.848 Thread 0x0000027c3650cca0 Thread added: 0x0000027c3650cca0
Event: 1136.857 Thread 0x0000027c3650e980 Thread added: 0x0000027c3650e980
Event: 1136.857 Thread 0x0000027c3650dfe0 Thread added: 0x0000027c3650dfe0
Event: 1136.859 Thread 0x0000027c2df9dc20 Thread added: 0x0000027c2df9dc20
Event: 1136.859 Thread 0x0000027c2df9e5c0 Thread added: 0x0000027c2df9e5c0
Event: 1136.859 Thread 0x0000027c2df9e0f0 Thread added: 0x0000027c2df9e0f0
Event: 1136.859 Thread 0x0000027c2df9d280 Thread added: 0x0000027c2df9d280
Event: 1136.859 Thread 0x0000027c2df9d750 Thread added: 0x0000027c2df9d750
Event: 1136.859 Thread 0x0000027c2df9ea90 Thread added: 0x0000027c2df9ea90
Event: 1136.859 Thread 0x0000027c2df9ef60 Thread added: 0x0000027c2df9ef60
Event: 1136.861 Thread 0x0000027c2e892000 Thread added: 0x0000027c2e892000


Dynamic libraries:
0x00007ff6f7f40000 - 0x00007ff6f7f4a000 	C:\Program Files\Android\Android Studio\jbr\bin\java.exe
0x00007ff8e2290000 - 0x00007ff8e2488000 	C:\Windows\SYSTEM32\ntdll.dll
0x00007ff8e02f0000 - 0x00007ff8e03af000 	C:\Windows\System32\KERNEL32.DLL
0x00007ff8dfd70000 - 0x00007ff8e0066000 	C:\Windows\System32\KERNELBASE.dll
0x00007ff8dfb10000 - 0x00007ff8dfc10000 	C:\Windows\System32\ucrtbase.dll
0x00007ff88bc30000 - 0x00007ff88bc47000 	C:\Program Files\Android\Android Studio\jbr\bin\jli.dll
0x00007ff88bc10000 - 0x00007ff88bc2b000 	C:\Program Files\Android\Android Studio\jbr\bin\VCRUNTIME140.dll
0x00007ff8e20b0000 - 0x00007ff8e224d000 	C:\Windows\System32\USER32.dll
0x00007ff8c24a0000 - 0x00007ff8c273a000 	C:\Windows\WinSxS\amd64_microsoft.windows.common-controls_6595b64144ccf1df_6.0.19041.1110_none_60b5254171f9507e\COMCTL32.dll
0x00007ff8df9c0000 - 0x00007ff8df9e2000 	C:\Windows\System32\win32u.dll
0x00007ff8e0b40000 - 0x00007ff8e0b6c000 	C:\Windows\System32\GDI32.dll
0x00007ff8e12c0000 - 0x00007ff8e135e000 	C:\Windows\System32\msvcrt.dll
0x00007ff8df9f0000 - 0x00007ff8dfb05000 	C:\Windows\System32\gdi32full.dll
0x00007ff8e0120000 - 0x00007ff8e01bd000 	C:\Windows\System32\msvcp_win.dll
0x00007ff8e0d60000 - 0x00007ff8e0d90000 	C:\Windows\System32\IMM32.DLL
0x00007ff8a8130000 - 0x00007ff8a813c000 	C:\Program Files\Android\Android Studio\jbr\bin\vcruntime140_1.dll
0x00007ff88bb80000 - 0x00007ff88bc0d000 	C:\Program Files\Android\Android Studio\jbr\bin\msvcp140.dll
0x00007ff894960000 - 0x00007ff8955cd000 	C:\Program Files\Android\Android Studio\jbr\bin\server\jvm.dll
0x00007ff8e0ca0000 - 0x00007ff8e0d4f000 	C:\Windows\System32\ADVAPI32.dll
0x00007ff8e1360000 - 0x00007ff8e13fc000 	C:\Windows\System32\sechost.dll
0x00007ff8e0830000 - 0x00007ff8e0956000 	C:\Windows\System32\RPCRT4.dll
0x00007ff8dae30000 - 0x00007ff8dae39000 	C:\Windows\SYSTEM32\WSOCK32.dll
0x00007ff8e0ad0000 - 0x00007ff8e0b3b000 	C:\Windows\System32\WS2_32.dll
0x00007ff8cdb90000 - 0x00007ff8cdbb7000 	C:\Windows\SYSTEM32\WINMM.dll
0x00007ff8d9c90000 - 0x00007ff8d9c9a000 	C:\Windows\SYSTEM32\VERSION.dll
0x00007ff8dd820000 - 0x00007ff8dd832000 	C:\Windows\SYSTEM32\kernel.appcore.dll
0x00007ff8dadb0000 - 0x00007ff8dadba000 	C:\Program Files\Android\Android Studio\jbr\bin\jimage.dll
0x00007ff8cd890000 - 0x00007ff8cda74000 	C:\Windows\SYSTEM32\DBGHELP.DLL
0x00007ff8d6f30000 - 0x00007ff8d6f64000 	C:\Windows\SYSTEM32\dbgcore.DLL
0x00007ff8e01c0000 - 0x00007ff8e0242000 	C:\Windows\System32\bcryptPrimitives.dll
0x00007ff8da960000 - 0x00007ff8da985000 	C:\Program Files\Android\Android Studio\jbr\bin\java.dll
0x00007ff8dad90000 - 0x00007ff8dada8000 	C:\Program Files\Android\Android Studio\jbr\bin\zip.dll
0x00007ff8e1960000 - 0x00007ff8e20a4000 	C:\Windows\System32\SHELL32.dll
0x00007ff8dda20000 - 0x00007ff8de1b3000 	C:\Windows\SYSTEM32\windows.storage.dll
0x00007ff8e1400000 - 0x00007ff8e1754000 	C:\Windows\System32\combase.dll
0x00007ff8df3c0000 - 0x00007ff8df3ee000 	C:\Windows\SYSTEM32\Wldp.dll
0x00007ff8e1850000 - 0x00007ff8e18fd000 	C:\Windows\System32\SHCORE.dll
0x00007ff8e0a70000 - 0x00007ff8e0ac5000 	C:\Windows\System32\shlwapi.dll
0x00007ff8df8b0000 - 0x00007ff8df8cf000 	C:\Windows\SYSTEM32\profapi.dll
0x00007ff8da940000 - 0x00007ff8da959000 	C:\Program Files\Android\Android Studio\jbr\bin\net.dll
0x00007ff8d7ab0000 - 0x00007ff8d7bba000 	C:\Windows\SYSTEM32\WINHTTP.dll
0x00007ff8df120000 - 0x00007ff8df18a000 	C:\Windows\system32\mswsock.dll
0x00007ff8da470000 - 0x00007ff8da486000 	C:\Program Files\Android\Android Studio\jbr\bin\nio.dll
0x00007ff8da210000 - 0x00007ff8da220000 	C:\Program Files\Android\Android Studio\jbr\bin\verify.dll
0x00007ff8a1d40000 - 0x00007ff8a1d67000 	C:\Users\ntdun\.gradle\native\e1d6ef7f7dcc3fd88c89a11ec53ec762bb8ba0a96d01ffa2cd45eb1d1d8dd5c5\windows-amd64\native-platform.dll
0x00007ff88ba30000 - 0x00007ff88bb74000 	C:\Users\ntdun\.gradle\native\5664cfc778a61ccfe75a443a1ab52a65af34e5dc3c78e0209fed803814484fcb\windows-amd64\native-platform-file-events.dll
0x00007ff8da460000 - 0x00007ff8da469000 	C:\Program Files\Android\Android Studio\jbr\bin\management.dll
0x00007ff8da450000 - 0x00007ff8da45b000 	C:\Program Files\Android\Android Studio\jbr\bin\management_ext.dll
0x00007ff8e0d50000 - 0x00007ff8e0d58000 	C:\Windows\System32\PSAPI.DLL
0x00007ff8df320000 - 0x00007ff8df338000 	C:\Windows\SYSTEM32\CRYPTSP.dll
0x00007ff8de9d0000 - 0x00007ff8dea04000 	C:\Windows\system32\rsaenh.dll
0x00007ff8e0250000 - 0x00007ff8e0277000 	C:\Windows\System32\bcrypt.dll
0x00007ff8df870000 - 0x00007ff8df89e000 	C:\Windows\SYSTEM32\USERENV.dll
0x00007ff8df310000 - 0x00007ff8df31c000 	C:\Windows\SYSTEM32\CRYPTBASE.dll
0x00007ff8dedc0000 - 0x00007ff8dedfc000 	C:\Windows\SYSTEM32\IPHLPAPI.DLL
0x00007ff8e0820000 - 0x00007ff8e0828000 	C:\Windows\System32\NSI.dll
0x00007ff8d8ff0000 - 0x00007ff8d9007000 	C:\Windows\SYSTEM32\dhcpcsvc6.DLL
0x00007ff8d8fd0000 - 0x00007ff8d8fed000 	C:\Windows\SYSTEM32\dhcpcsvc.DLL
0x00007ff8dee60000 - 0x00007ff8def2a000 	C:\Windows\SYSTEM32\DNSAPI.dll
0x00007ff877bd0000 - 0x00007ff877bd7000 	C:\Windows\system32\wshunix.dll

dbghelp: loaded successfully - version: 4.0.5 - missing functions: none
symbol engine: initialized successfully - sym options: 0x614 - pdb path: .;C:\Program Files\Android\Android Studio\jbr\bin;C:\Windows\SYSTEM32;C:\Windows\WinSxS\amd64_microsoft.windows.common-controls_6595b64144ccf1df_6.0.19041.1110_none_60b5254171f9507e;C:\Program Files\Android\Android Studio\jbr\bin\server;C:\Users\ntdun\.gradle\native\e1d6ef7f7dcc3fd88c89a11ec53ec762bb8ba0a96d01ffa2cd45eb1d1d8dd5c5\windows-amd64;C:\Users\ntdun\.gradle\native\5664cfc778a61ccfe75a443a1ab52a65af34e5dc3c78e0209fed803814484fcb\windows-amd64

VM Arguments:
jvm_args: --add-opens=java.base/java.util=ALL-UNNAMED --add-opens=java.base/java.lang=ALL-UNNAMED --add-opens=java.base/java.lang.invoke=ALL-UNNAMED --add-opens=java.base/java.util=ALL-UNNAMED --add-opens=java.prefs/java.util.prefs=ALL-UNNAMED --add-opens=java.prefs/java.util.prefs=ALL-UNNAMED --add-opens=java.base/java.nio.charset=ALL-UNNAMED --add-opens=java.base/java.net=ALL-UNNAMED --add-opens=java.base/java.util.concurrent.atomic=ALL-UNNAMED -Xmx2048m -Dfile.encoding=UTF-8 -Duser.country=US -Duser.language=en -Duser.variant 
java_command: org.gradle.launcher.daemon.bootstrap.GradleDaemon 7.3.3
java_class_path (initial): C:\Users\ntdun\.gradle\wrapper\dists\gradle-7.3.3-bin\6a41zxkdtcxs8rphpq6y0069z\gradle-7.3.3\lib\gradle-launcher-7.3.3.jar
Launcher Type: SUN_STANDARD

[Global flags]
     intx CICompilerCount                          = 4                                         {product} {ergonomic}
     uint ConcGCThreads                            = 2                                         {product} {ergonomic}
     uint G1ConcRefinementThreads                  = 8                                         {product} {ergonomic}
   size_t G1HeapRegionSize                         = 1048576                                   {product} {ergonomic}
    uintx GCDrainStackTargetSize                   = 64                                        {product} {ergonomic}
   size_t InitialHeapSize                          = 132120576                                 {product} {ergonomic}
   size_t MarkStackSize                            = 4194304                                   {product} {ergonomic}
   size_t MaxHeapSize                              = 2147483648                                {product} {command line}
   size_t MaxNewSize                               = 1287651328                                {product} {ergonomic}
   size_t MinHeapDeltaBytes                        = 1048576                                   {product} {ergonomic}
   size_t MinHeapSize                              = 8388608                                   {product} {ergonomic}
    uintx NonNMethodCodeHeapSize                   = 5839372                                {pd product} {ergonomic}
    uintx NonProfiledCodeHeapSize                  = 122909434                              {pd product} {ergonomic}
    uintx ProfiledCodeHeapSize                     = 122909434                              {pd product} {ergonomic}
    uintx ReservedCodeCacheSize                    = 251658240                              {pd product} {ergonomic}
     bool SegmentedCodeCache                       = true                                      {product} {ergonomic}
   size_t SoftMaxHeapSize                          = 2147483648                             {manageable} {ergonomic}
     bool UseCompressedClassPointers               = true                           {product lp64_product} {ergonomic}
     bool UseCompressedOops                        = true                           {product lp64_product} {ergonomic}
     bool UseG1GC                                  = true                                      {product} {ergonomic}
     bool UseLargePagesIndividualAllocation        = false                                  {pd product} {ergonomic}

Logging:
Log output configuration:
 #0: stdout all=warning uptime,level,tags
 #1: stderr all=off uptime,level,tags

Environment Variables:
JAVA_HOME=D:\Mob1032\Autostudio\jre
PATH=C:\Program Files (x86)\Common Files\Oracle\Java\javapath;C:\ProgramData\Oracle\Java\javapath;C:\Windows\system32;C:\Windows;C:\Windows\System32\Wbem;C:\Windows\System32\WindowsPowerShell\v1.0\;C:\Windows\System32\OpenSSH\;C:\Program Files\Microsoft SQL Server\Client SDK\ODBC\170\Tools\Binn\;C:\Program Files (x86)\Microsoft SQL Server\150\Tools\Binn\;C:\Program Files\Microsoft SQL Server\150\Tools\Binn\;C:\Program Files\Microsoft SQL Server\150\DTS\Binn\;C:\Program Files (x86)\Microsoft SQL Server\150\DTS\Binn\;D:\SOS\Git\cmd;C:\Program Files\nodejs\;C:\Program Files\Cloudflare\Cloudflare WARP\;C:\Program Files\MySQL\MySQL Shell 8.0\bin\;C:\Users\ntdun\AppData\Local\Microsoft\WindowsApps;C:\Program Files\Azure Data Studio\bin;C:\Users\ntdun\AppData\Local\Programs\Microsoft VS Code\bin;C:\Users\ntdun\AppData\Roaming\npm;C:\Users\ntdun\AppData\Local\Android\Sdk\platforms;C:\Users\ntdun\AppData\Local\Android\Sdk\platform-tools;
USERNAME=ntdun
OS=Windows_NT
PROCESSOR_IDENTIFIER=Intel64 Family 6 Model 165 Stepping 2, GenuineIntel
TMP=C:\Users\ntdun\AppData\Local\Temp
TEMP=C:\Users\ntdun\AppData\Local\Temp



---------------  S Y S T E M  ---------------

OS:
 Windows 10 , 64 bit Build 19041 (10.0.19041.3031)
OS uptime: 0 days 0:20 hours

CPU: total 8 (initial active 8) (4 cores per cpu, 2 threads per core) family 6 model 165 stepping 2 microcode 0xe2, cx8, cmov, fxsr, ht, mmx, 3dnowpref, sse, sse2, sse3, ssse3, sse4.1, sse4.2, popcnt, lzcnt, tsc, tscinvbit, avx, avx2, aes, erms, clmul, bmi1, bmi2, adx, fma, vzeroupper, clflush, clflushopt

Memory: 4k page, system-wide physical 8023M (619M free)
TotalPageFile size 12119M (AvailPageFile size 4M)
current process WorkingSet (physical memory assigned to process): 473M, peak: 488M
current process commit charge ("private bytes"): 601M, peak: 608M

vm_info: OpenJDK 64-Bit Server VM (17.0.6+0-b2043.56-9586694) for windows-amd64 JRE (17.0.6+0-b2043.56-9586694), built on Feb  9 2023 20:06:20 by "androidbuild" with MS VC++ 16.10 / 16.11 (VS2019)

END.
